   1               		.file	"host.c"
   2               	__SP_H__ = 0x3e
   3               	__SP_L__ = 0x3d
   4               	__SREG__ = 0x3f
   5               	__RAMPZ__ = 0x3b
   6               	__tmp_reg__ = 0
   7               	__zero_reg__ = 1
   8               		.text
   9               	.Ltext0:
  10               		.cfi_sections	.debug_frame
  11               		.section	.text.host_set_driver,"ax",@progbits
  12               	.global	host_set_driver
  14               	host_set_driver:
  15               	.LFB0:
  16               		.file 1 "../../../../tmk_core/common/host.c"
   1:../../../../tmk_core/common/host.c **** /*
   2:../../../../tmk_core/common/host.c **** Copyright 2011,2012 Jun Wako <wakojun@gmail.com>
   3:../../../../tmk_core/common/host.c **** 
   4:../../../../tmk_core/common/host.c **** This program is free software: you can redistribute it and/or modify
   5:../../../../tmk_core/common/host.c **** it under the terms of the GNU General Public License as published by
   6:../../../../tmk_core/common/host.c **** the Free Software Foundation, either version 2 of the License, or
   7:../../../../tmk_core/common/host.c **** (at your option) any later version.
   8:../../../../tmk_core/common/host.c **** 
   9:../../../../tmk_core/common/host.c **** This program is distributed in the hope that it will be useful,
  10:../../../../tmk_core/common/host.c **** but WITHOUT ANY WARRANTY; without even the implied warranty of
  11:../../../../tmk_core/common/host.c **** MERCHANTABILITY or FITNESS FOR A PARTICULAR PURPOSE.  See the
  12:../../../../tmk_core/common/host.c **** GNU General Public License for more details.
  13:../../../../tmk_core/common/host.c **** 
  14:../../../../tmk_core/common/host.c **** You should have received a copy of the GNU General Public License
  15:../../../../tmk_core/common/host.c **** along with this program.  If not, see <http://www.gnu.org/licenses/>.
  16:../../../../tmk_core/common/host.c **** */
  17:../../../../tmk_core/common/host.c **** 
  18:../../../../tmk_core/common/host.c **** #include <stdint.h>
  19:../../../../tmk_core/common/host.c **** //#include <avr/interrupt.h>
  20:../../../../tmk_core/common/host.c **** #include "keycode.h"
  21:../../../../tmk_core/common/host.c **** #include "host.h"
  22:../../../../tmk_core/common/host.c **** #include "util.h"
  23:../../../../tmk_core/common/host.c **** #include "debug.h"
  24:../../../../tmk_core/common/host.c **** 
  25:../../../../tmk_core/common/host.c **** 
  26:../../../../tmk_core/common/host.c **** #ifdef NKRO_ENABLE
  27:../../../../tmk_core/common/host.c **** bool keyboard_nkro = true;
  28:../../../../tmk_core/common/host.c **** #endif
  29:../../../../tmk_core/common/host.c **** 
  30:../../../../tmk_core/common/host.c **** static host_driver_t *driver;
  31:../../../../tmk_core/common/host.c **** static uint16_t last_system_report = 0;
  32:../../../../tmk_core/common/host.c **** static uint16_t last_consumer_report = 0;
  33:../../../../tmk_core/common/host.c **** 
  34:../../../../tmk_core/common/host.c **** 
  35:../../../../tmk_core/common/host.c **** void host_set_driver(host_driver_t *d)
  36:../../../../tmk_core/common/host.c **** {
  17               		.loc 1 36 0
  18               		.cfi_startproc
  19               	.LVL0:
  20               	/* prologue: function */
  21               	/* frame size = 0 */
  22               	/* stack size = 0 */
  23               	.L__stack_usage = 0
  37:../../../../tmk_core/common/host.c ****     driver = d;
  24               		.loc 1 37 0
  25 0000 9093 0000 		sts driver+1,r25
  26 0004 8093 0000 		sts driver,r24
  27 0008 0895      		ret
  28               		.cfi_endproc
  29               	.LFE0:
  31               		.section	.text.host_get_driver,"ax",@progbits
  32               	.global	host_get_driver
  34               	host_get_driver:
  35               	.LFB1:
  38:../../../../tmk_core/common/host.c **** }
  39:../../../../tmk_core/common/host.c **** 
  40:../../../../tmk_core/common/host.c **** host_driver_t *host_get_driver(void)
  41:../../../../tmk_core/common/host.c **** {
  36               		.loc 1 41 0
  37               		.cfi_startproc
  38               	/* prologue: function */
  39               	/* frame size = 0 */
  40               	/* stack size = 0 */
  41               	.L__stack_usage = 0
  42:../../../../tmk_core/common/host.c ****     return driver;
  43:../../../../tmk_core/common/host.c **** }
  42               		.loc 1 43 0
  43 0000 8091 0000 		lds r24,driver
  44 0004 9091 0000 		lds r25,driver+1
  45 0008 0895      		ret
  46               		.cfi_endproc
  47               	.LFE1:
  49               		.section	.text.host_keyboard_leds,"ax",@progbits
  50               	.global	host_keyboard_leds
  52               	host_keyboard_leds:
  53               	.LFB2:
  44:../../../../tmk_core/common/host.c **** 
  45:../../../../tmk_core/common/host.c **** uint8_t host_keyboard_leds(void)
  46:../../../../tmk_core/common/host.c **** {
  54               		.loc 1 46 0
  55               		.cfi_startproc
  56               	/* prologue: function */
  57               	/* frame size = 0 */
  58               	/* stack size = 0 */
  59               	.L__stack_usage = 0
  47:../../../../tmk_core/common/host.c ****     if (!driver) return 0;
  60               		.loc 1 47 0
  61 0000 E091 0000 		lds r30,driver
  62 0004 F091 0000 		lds r31,driver+1
  63 0008 3097      		sbiw r30,0
  64 000a 01F0      		breq .L4
  48:../../../../tmk_core/common/host.c ****     return (*driver->keyboard_leds)();
  65               		.loc 1 48 0
  66 000c 0190      		ld __tmp_reg__,Z+
  67 000e F081      		ld r31,Z
  68 0010 E02D      		mov r30,__tmp_reg__
  69 0012 0994      		ijmp
  70               	.LVL1:
  71               	.L4:
  49:../../../../tmk_core/common/host.c **** }
  72               		.loc 1 49 0
  73 0014 80E0      		ldi r24,0
  74 0016 0895      		ret
  75               		.cfi_endproc
  76               	.LFE2:
  78               		.section	.text.host_keyboard_send,"ax",@progbits
  79               	.global	host_keyboard_send
  81               	host_keyboard_send:
  82               	.LFB3:
  50:../../../../tmk_core/common/host.c **** /* send report */
  51:../../../../tmk_core/common/host.c **** void host_keyboard_send(report_keyboard_t *report)
  52:../../../../tmk_core/common/host.c **** {
  83               		.loc 1 52 0
  84               		.cfi_startproc
  85               	.LVL2:
  86               	/* prologue: function */
  87               	/* frame size = 0 */
  88               	/* stack size = 0 */
  89               	.L__stack_usage = 0
  53:../../../../tmk_core/common/host.c ****     if (!driver) return;
  90               		.loc 1 53 0
  91 0000 E091 0000 		lds r30,driver
  92 0004 F091 0000 		lds r31,driver+1
  93 0008 3097      		sbiw r30,0
  94 000a 01F0      		breq .L5
  54:../../../../tmk_core/common/host.c ****     (*driver->send_keyboard)(report);
  95               		.loc 1 54 0
  96 000c 0280      		ldd __tmp_reg__,Z+2
  97 000e F381      		ldd r31,Z+3
  98 0010 E02D      		mov r30,__tmp_reg__
  99 0012 0994      		ijmp
 100               	.LVL3:
 101               	.L5:
 102 0014 0895      		ret
 103               		.cfi_endproc
 104               	.LFE3:
 106               		.section	.text.host_mouse_send,"ax",@progbits
 107               	.global	host_mouse_send
 109               	host_mouse_send:
 110               	.LFB4:
  55:../../../../tmk_core/common/host.c **** 
  56:../../../../tmk_core/common/host.c ****     if (debug_keyboard) {
  57:../../../../tmk_core/common/host.c ****         dprint("keyboard_report: ");
  58:../../../../tmk_core/common/host.c ****         for (uint8_t i = 0; i < KEYBOARD_REPORT_SIZE; i++) {
  59:../../../../tmk_core/common/host.c ****             dprintf("%02X ", report->raw[i]);
  60:../../../../tmk_core/common/host.c ****         }
  61:../../../../tmk_core/common/host.c ****         dprint("\n");
  62:../../../../tmk_core/common/host.c ****     }
  63:../../../../tmk_core/common/host.c **** }
  64:../../../../tmk_core/common/host.c **** 
  65:../../../../tmk_core/common/host.c **** void host_mouse_send(report_mouse_t *report)
  66:../../../../tmk_core/common/host.c **** {
 111               		.loc 1 66 0
 112               		.cfi_startproc
 113               	.LVL4:
 114               	/* prologue: function */
 115               	/* frame size = 0 */
 116               	/* stack size = 0 */
 117               	.L__stack_usage = 0
  67:../../../../tmk_core/common/host.c ****     if (!driver) return;
 118               		.loc 1 67 0
 119 0000 E091 0000 		lds r30,driver
 120 0004 F091 0000 		lds r31,driver+1
 121 0008 3097      		sbiw r30,0
 122 000a 01F0      		breq .L7
  68:../../../../tmk_core/common/host.c ****     (*driver->send_mouse)(report);
 123               		.loc 1 68 0
 124 000c 0480      		ldd __tmp_reg__,Z+4
 125 000e F581      		ldd r31,Z+5
 126 0010 E02D      		mov r30,__tmp_reg__
 127 0012 0994      		ijmp
 128               	.LVL5:
 129               	.L7:
 130 0014 0895      		ret
 131               		.cfi_endproc
 132               	.LFE4:
 134               		.section	.text.host_system_send,"ax",@progbits
 135               	.global	host_system_send
 137               	host_system_send:
 138               	.LFB5:
  69:../../../../tmk_core/common/host.c **** }
  70:../../../../tmk_core/common/host.c **** 
  71:../../../../tmk_core/common/host.c **** void host_system_send(uint16_t report)
  72:../../../../tmk_core/common/host.c **** {
 139               		.loc 1 72 0
 140               		.cfi_startproc
 141               	.LVL6:
 142               	/* prologue: function */
 143               	/* frame size = 0 */
 144               	/* stack size = 0 */
 145               	.L__stack_usage = 0
  73:../../../../tmk_core/common/host.c ****     if (report == last_system_report) return;
 146               		.loc 1 73 0
 147 0000 2091 0000 		lds r18,last_system_report
 148 0004 3091 0000 		lds r19,last_system_report+1
 149 0008 8217      		cp r24,r18
 150 000a 9307      		cpc r25,r19
 151 000c 01F0      		breq .L9
  74:../../../../tmk_core/common/host.c ****     last_system_report = report;
 152               		.loc 1 74 0
 153 000e 9093 0000 		sts last_system_report+1,r25
 154 0012 8093 0000 		sts last_system_report,r24
  75:../../../../tmk_core/common/host.c **** 
  76:../../../../tmk_core/common/host.c ****     if (!driver) return;
 155               		.loc 1 76 0
 156 0016 E091 0000 		lds r30,driver
 157 001a F091 0000 		lds r31,driver+1
 158 001e 3097      		sbiw r30,0
 159 0020 01F0      		breq .L9
  77:../../../../tmk_core/common/host.c ****     (*driver->send_system)(report);
 160               		.loc 1 77 0
 161 0022 0680      		ldd __tmp_reg__,Z+6
 162 0024 F781      		ldd r31,Z+7
 163 0026 E02D      		mov r30,__tmp_reg__
 164 0028 0994      		ijmp
 165               	.LVL7:
 166               	.L9:
 167 002a 0895      		ret
 168               		.cfi_endproc
 169               	.LFE5:
 171               		.section	.text.host_consumer_send,"ax",@progbits
 172               	.global	host_consumer_send
 174               	host_consumer_send:
 175               	.LFB6:
  78:../../../../tmk_core/common/host.c **** }
  79:../../../../tmk_core/common/host.c **** 
  80:../../../../tmk_core/common/host.c **** void host_consumer_send(uint16_t report)
  81:../../../../tmk_core/common/host.c **** {
 176               		.loc 1 81 0
 177               		.cfi_startproc
 178               	.LVL8:
 179               	/* prologue: function */
 180               	/* frame size = 0 */
 181               	/* stack size = 0 */
 182               	.L__stack_usage = 0
  82:../../../../tmk_core/common/host.c ****     if (report == last_consumer_report) return;
 183               		.loc 1 82 0
 184 0000 2091 0000 		lds r18,last_consumer_report
 185 0004 3091 0000 		lds r19,last_consumer_report+1
 186 0008 8217      		cp r24,r18
 187 000a 9307      		cpc r25,r19
 188 000c 01F0      		breq .L16
  83:../../../../tmk_core/common/host.c ****     last_consumer_report = report;
 189               		.loc 1 83 0
 190 000e 9093 0000 		sts last_consumer_report+1,r25
 191 0012 8093 0000 		sts last_consumer_report,r24
  84:../../../../tmk_core/common/host.c **** 
  85:../../../../tmk_core/common/host.c ****     if (!driver) return;
 192               		.loc 1 85 0
 193 0016 E091 0000 		lds r30,driver
 194 001a F091 0000 		lds r31,driver+1
 195 001e 3097      		sbiw r30,0
 196 0020 01F0      		breq .L16
  86:../../../../tmk_core/common/host.c ****     (*driver->send_consumer)(report);
 197               		.loc 1 86 0
 198 0022 0084      		ldd __tmp_reg__,Z+8
 199 0024 F185      		ldd r31,Z+9
 200 0026 E02D      		mov r30,__tmp_reg__
 201 0028 0994      		ijmp
 202               	.LVL9:
 203               	.L16:
 204 002a 0895      		ret
 205               		.cfi_endproc
 206               	.LFE6:
 208               		.section	.text.host_last_sysytem_report,"ax",@progbits
 209               	.global	host_last_sysytem_report
 211               	host_last_sysytem_report:
 212               	.LFB7:
  87:../../../../tmk_core/common/host.c **** }
  88:../../../../tmk_core/common/host.c **** 
  89:../../../../tmk_core/common/host.c **** uint16_t host_last_sysytem_report(void)
  90:../../../../tmk_core/common/host.c **** {
 213               		.loc 1 90 0
 214               		.cfi_startproc
 215               	/* prologue: function */
 216               	/* frame size = 0 */
 217               	/* stack size = 0 */
 218               	.L__stack_usage = 0
  91:../../../../tmk_core/common/host.c ****     return last_system_report;
  92:../../../../tmk_core/common/host.c **** }
 219               		.loc 1 92 0
 220 0000 8091 0000 		lds r24,last_system_report
 221 0004 9091 0000 		lds r25,last_system_report+1
 222 0008 0895      		ret
 223               		.cfi_endproc
 224               	.LFE7:
 226               		.section	.text.host_last_consumer_report,"ax",@progbits
 227               	.global	host_last_consumer_report
 229               	host_last_consumer_report:
 230               	.LFB8:
  93:../../../../tmk_core/common/host.c **** 
  94:../../../../tmk_core/common/host.c **** uint16_t host_last_consumer_report(void)
  95:../../../../tmk_core/common/host.c **** {
 231               		.loc 1 95 0
 232               		.cfi_startproc
 233               	/* prologue: function */
 234               	/* frame size = 0 */
 235               	/* stack size = 0 */
 236               	.L__stack_usage = 0
  96:../../../../tmk_core/common/host.c ****     return last_consumer_report;
  97:../../../../tmk_core/common/host.c **** }
 237               		.loc 1 97 0
 238 0000 8091 0000 		lds r24,last_consumer_report
 239 0004 9091 0000 		lds r25,last_consumer_report+1
 240 0008 0895      		ret
 241               		.cfi_endproc
 242               	.LFE8:
 244               		.section	.bss.driver,"aw",@nobits
 247               	driver:
 248 0000 0000      		.zero	2
 249               		.section	.bss.last_system_report,"aw",@nobits
 252               	last_system_report:
 253 0000 0000      		.zero	2
 254               		.section	.bss.last_consumer_report,"aw",@nobits
 257               	last_consumer_report:
 258 0000 0000      		.zero	2
 259               		.text
 260               	.Letext0:
 261               		.file 2 "/usr/lib64/gcc/avr/4.7.1/../../../../avr/include/stdint.h"
 262               		.file 3 "../../../../tmk_core/common/report.h"
 263               		.file 4 "../../../../tmk_core/common/host_driver.h"
 264               		.file 5 "../../../../tmk_core/common/debug.h"
DEFINED SYMBOLS
                            *ABS*:0000000000000000 host.c
     /tmp/ccKTAXeG.s:2      *ABS*:000000000000003e __SP_H__
     /tmp/ccKTAXeG.s:3      *ABS*:000000000000003d __SP_L__
     /tmp/ccKTAXeG.s:4      *ABS*:000000000000003f __SREG__
     /tmp/ccKTAXeG.s:5      *ABS*:000000000000003b __RAMPZ__
     /tmp/ccKTAXeG.s:6      *ABS*:0000000000000000 __tmp_reg__
     /tmp/ccKTAXeG.s:7      *ABS*:0000000000000001 __zero_reg__
     /tmp/ccKTAXeG.s:14     .text.host_set_driver:0000000000000000 host_set_driver
     /tmp/ccKTAXeG.s:247    .bss.driver:0000000000000000 driver
     /tmp/ccKTAXeG.s:34     .text.host_get_driver:0000000000000000 host_get_driver
     /tmp/ccKTAXeG.s:52     .text.host_keyboard_leds:0000000000000000 host_keyboard_leds
     /tmp/ccKTAXeG.s:81     .text.host_keyboard_send:0000000000000000 host_keyboard_send
     /tmp/ccKTAXeG.s:109    .text.host_mouse_send:0000000000000000 host_mouse_send
     /tmp/ccKTAXeG.s:137    .text.host_system_send:0000000000000000 host_system_send
     /tmp/ccKTAXeG.s:252    .bss.last_system_report:0000000000000000 last_system_report
     /tmp/ccKTAXeG.s:174    .text.host_consumer_send:0000000000000000 host_consumer_send
     /tmp/ccKTAXeG.s:257    .bss.last_consumer_report:0000000000000000 last_consumer_report
     /tmp/ccKTAXeG.s:211    .text.host_last_sysytem_report:0000000000000000 host_last_sysytem_report
     /tmp/ccKTAXeG.s:229    .text.host_last_consumer_report:0000000000000000 host_last_consumer_report

UNDEFINED SYMBOLS
__do_clear_bss
