   1               		.file	"PipeStream_AVR8.c"
   2               	__SP_H__ = 0x3e
   3               	__SP_L__ = 0x3d
   4               	__SREG__ = 0x3f
   5               	__RAMPZ__ = 0x3b
   6               	__tmp_reg__ = 0
   7               	__zero_reg__ = 1
   8               		.text
   9               	.Ltext0:
  10               		.cfi_sections	.debug_frame
  11               	.Letext0:
DEFINED SYMBOLS
                            *ABS*:0000000000000000 PipeStream_AVR8.c
     /tmp/cctJ1MOg.s:2      *ABS*:000000000000003e __SP_H__
     /tmp/cctJ1MOg.s:3      *ABS*:000000000000003d __SP_L__
     /tmp/cctJ1MOg.s:4      *ABS*:000000000000003f __SREG__
     /tmp/cctJ1MOg.s:5      *ABS*:000000000000003b __RAMPZ__
     /tmp/cctJ1MOg.s:6      *ABS*:0000000000000000 __tmp_reg__
     /tmp/cctJ1MOg.s:7      *ABS*:0000000000000001 __zero_reg__

NO UNDEFINED SYMBOLS
