   1               		.file	"hook.c"
   2               	__SP_H__ = 0x3e
   3               	__SP_L__ = 0x3d
   4               	__SREG__ = 0x3f
   5               	__RAMPZ__ = 0x3b
   6               	__tmp_reg__ = 0
   7               	__zero_reg__ = 1
   8               		.text
   9               	.Ltext0:
  10               		.cfi_sections	.debug_frame
  11               		.section	.text.hook_keyboard_loop,"ax",@progbits
  12               		.weak	hook_keyboard_loop
  14               	hook_keyboard_loop:
  15               	.LFB3:
  16               		.file 1 "../../../../tmk_core/common/hook.c"
   1:../../../../tmk_core/common/hook.c **** /*
   2:../../../../tmk_core/common/hook.c **** Copyright 2016 Jun Wako <wakojun@gmail.com>
   3:../../../../tmk_core/common/hook.c **** 
   4:../../../../tmk_core/common/hook.c **** This program is free software: you can redistribute it and/or modify
   5:../../../../tmk_core/common/hook.c **** it under the terms of the GNU General Public License as published by
   6:../../../../tmk_core/common/hook.c **** the Free Software Foundation, either version 2 of the License, or
   7:../../../../tmk_core/common/hook.c **** (at your option) any later version.
   8:../../../../tmk_core/common/hook.c **** 
   9:../../../../tmk_core/common/hook.c **** This program is distributed in the hope that it will be useful,
  10:../../../../tmk_core/common/hook.c **** but WITHOUT ANY WARRANTY; without even the implied warranty of
  11:../../../../tmk_core/common/hook.c **** MERCHANTABILITY or FITNESS FOR A PARTICULAR PURPOSE.  See the
  12:../../../../tmk_core/common/hook.c **** GNU General Public License for more details.
  13:../../../../tmk_core/common/hook.c **** 
  14:../../../../tmk_core/common/hook.c **** You should have received a copy of the GNU General Public License
  15:../../../../tmk_core/common/hook.c **** along with this program.  If not, see <http://www.gnu.org/licenses/>.
  16:../../../../tmk_core/common/hook.c **** */
  17:../../../../tmk_core/common/hook.c **** 
  18:../../../../tmk_core/common/hook.c **** #include "keyboard.h"
  19:../../../../tmk_core/common/hook.c **** #include "hook.h"
  20:../../../../tmk_core/common/hook.c **** 
  21:../../../../tmk_core/common/hook.c **** /* -------------------------------------------------
  22:../../../../tmk_core/common/hook.c ****  * Definitions of default hooks
  23:../../../../tmk_core/common/hook.c ****  * ------------------------------------------------- */
  24:../../../../tmk_core/common/hook.c **** 
  25:../../../../tmk_core/common/hook.c **** __attribute__((weak))
  26:../../../../tmk_core/common/hook.c **** void hook_keyboard_loop(void) {}
  17               		.loc 1 26 0
  18               		.cfi_startproc
  19               	/* prologue: function */
  20               	/* frame size = 0 */
  21               	/* stack size = 0 */
  22               	.L__stack_usage = 0
  23 0000 0895      		ret
  24               		.cfi_endproc
  25               	.LFE3:
  27               		.section	.text.hook_matrix_change,"ax",@progbits
  28               		.weak	hook_matrix_change
  30               	hook_matrix_change:
  31               	.LFB4:
  27:../../../../tmk_core/common/hook.c **** 
  28:../../../../tmk_core/common/hook.c **** __attribute__((weak))
  29:../../../../tmk_core/common/hook.c **** void hook_matrix_change(keyevent_t event) {
  32               		.loc 1 29 0
  33               		.cfi_startproc
  34               		.loc 1 29 0
  35 0000 CF93      		push r28
  36               	.LCFI0:
  37               		.cfi_def_cfa_offset 3
  38               		.cfi_offset 28, -2
  39 0002 DF93      		push r29
  40               	.LCFI1:
  41               		.cfi_def_cfa_offset 4
  42               		.cfi_offset 29, -3
  43 0004 00D0      		rcall .
  44 0006 00D0      		rcall .
  45 0008 1F92      		push __zero_reg__
  46               	.LCFI2:
  47               		.cfi_def_cfa_offset 9
  48 000a CDB7      		in r28,__SP_L__
  49 000c DEB7      		in r29,__SP_H__
  50               	.LCFI3:
  51               		.cfi_def_cfa_register 28
  52               	/* prologue: function */
  53               	/* frame size = 5 */
  54               	/* stack size = 7 */
  55               	.L__stack_usage = 7
  56               	/* epilogue start */
  30:../../../../tmk_core/common/hook.c ****     (void)event;
  31:../../../../tmk_core/common/hook.c **** }
  57               		.loc 1 31 0
  58 000e 0F90      		pop __tmp_reg__
  59 0010 0F90      		pop __tmp_reg__
  60 0012 0F90      		pop __tmp_reg__
  61 0014 0F90      		pop __tmp_reg__
  62 0016 0F90      		pop __tmp_reg__
  63 0018 DF91      		pop r29
  64 001a CF91      		pop r28
  65 001c 0895      		ret
  66               		.cfi_endproc
  67               	.LFE4:
  69               		.section	.text.hook_default_layer_change,"ax",@progbits
  70               		.weak	hook_default_layer_change
  72               	hook_default_layer_change:
  73               	.LFB5:
  32:../../../../tmk_core/common/hook.c **** 
  33:../../../../tmk_core/common/hook.c **** __attribute__((weak))
  34:../../../../tmk_core/common/hook.c **** void hook_default_layer_change(uint32_t default_layer_state) {
  74               		.loc 1 34 0
  75               		.cfi_startproc
  76               	.LVL0:
  77               	/* prologue: function */
  78               	/* frame size = 0 */
  79               	/* stack size = 0 */
  80               	.L__stack_usage = 0
  81 0000 0895      		ret
  82               		.cfi_endproc
  83               	.LFE5:
  85               		.section	.text.hook_layer_change,"ax",@progbits
  86               		.weak	hook_layer_change
  88               	hook_layer_change:
  89               	.LFB6:
  35:../../../../tmk_core/common/hook.c ****     (void)default_layer_state;
  36:../../../../tmk_core/common/hook.c **** }
  37:../../../../tmk_core/common/hook.c **** 
  38:../../../../tmk_core/common/hook.c **** __attribute__((weak))
  39:../../../../tmk_core/common/hook.c **** void hook_layer_change(uint32_t layer_state) {
  90               		.loc 1 39 0
  91               		.cfi_startproc
  92               	.LVL1:
  93               	/* prologue: function */
  94               	/* frame size = 0 */
  95               	/* stack size = 0 */
  96               	.L__stack_usage = 0
  97 0000 0895      		ret
  98               		.cfi_endproc
  99               	.LFE6:
 101               		.section	.text.hook_keyboard_leds_change,"ax",@progbits
 102               		.weak	hook_keyboard_leds_change
 104               	hook_keyboard_leds_change:
 105               	.LFB7:
  40:../../../../tmk_core/common/hook.c ****     (void)layer_state;
  41:../../../../tmk_core/common/hook.c **** }
  42:../../../../tmk_core/common/hook.c **** 
  43:../../../../tmk_core/common/hook.c **** __attribute__((weak))
  44:../../../../tmk_core/common/hook.c **** void hook_keyboard_leds_change(uint8_t led_status) {
 106               		.loc 1 44 0
 107               		.cfi_startproc
 108               	.LVL2:
 109               	/* prologue: function */
 110               	/* frame size = 0 */
 111               	/* stack size = 0 */
 112               	.L__stack_usage = 0
  45:../../../../tmk_core/common/hook.c ****     keyboard_set_leds(led_status);
 113               		.loc 1 45 0
 114 0000 0C94 0000 		jmp keyboard_set_leds
 115               	.LVL3:
 116               		.cfi_endproc
 117               	.LFE7:
 119               		.section	.text.hook_bootmagic,"ax",@progbits
 120               		.weak	hook_bootmagic
 122               	hook_bootmagic:
 123               	.LFB8:
  46:../../../../tmk_core/common/hook.c **** }
  47:../../../../tmk_core/common/hook.c **** 
  48:../../../../tmk_core/common/hook.c **** __attribute__((weak))
  49:../../../../tmk_core/common/hook.c **** void hook_bootmagic(void) {}
 124               		.loc 1 49 0
 125               		.cfi_startproc
 126               	/* prologue: function */
 127               	/* frame size = 0 */
 128               	/* stack size = 0 */
 129               	.L__stack_usage = 0
 130 0000 0895      		ret
 131               		.cfi_endproc
 132               	.LFE8:
 134               		.text
 135               	.Letext0:
 136               		.file 2 "/usr/lib64/gcc/avr/4.7.1/../../../../avr/include/stdint.h"
 137               		.file 3 "../../../../tmk_core/common/keyboard.h"
DEFINED SYMBOLS
                            *ABS*:0000000000000000 hook.c
     /tmp/ccLZG71C.s:2      *ABS*:000000000000003e __SP_H__
     /tmp/ccLZG71C.s:3      *ABS*:000000000000003d __SP_L__
     /tmp/ccLZG71C.s:4      *ABS*:000000000000003f __SREG__
     /tmp/ccLZG71C.s:5      *ABS*:000000000000003b __RAMPZ__
     /tmp/ccLZG71C.s:6      *ABS*:0000000000000000 __tmp_reg__
     /tmp/ccLZG71C.s:7      *ABS*:0000000000000001 __zero_reg__
     /tmp/ccLZG71C.s:14     .text.hook_keyboard_loop:0000000000000000 hook_keyboard_loop
     /tmp/ccLZG71C.s:30     .text.hook_matrix_change:0000000000000000 hook_matrix_change
     /tmp/ccLZG71C.s:72     .text.hook_default_layer_change:0000000000000000 hook_default_layer_change
     /tmp/ccLZG71C.s:88     .text.hook_layer_change:0000000000000000 hook_layer_change
     /tmp/ccLZG71C.s:104    .text.hook_keyboard_leds_change:0000000000000000 hook_keyboard_leds_change
     /tmp/ccLZG71C.s:122    .text.hook_bootmagic:0000000000000000 hook_bootmagic

UNDEFINED SYMBOLS
keyboard_set_leds
