   1               		.file	"keymap_pg3.c"
   2               	__SP_H__ = 0x3e
   3               	__SP_L__ = 0x3d
   4               	__SREG__ = 0x3f
   5               	__RAMPZ__ = 0x3b
   6               	__tmp_reg__ = 0
   7               	__zero_reg__ = 1
   8               		.text
   9               	.Ltext0:
  10               		.cfi_sections	.debug_frame
  11               		.section	.text.action_function,"ax",@progbits
  12               	.global	action_function
  14               	action_function:
  15               	.LFB4:
  16               		.file 1 "keymap_pg3.c"
   1:keymap_pg3.c  **** #include "keymap_common.h"
   2:keymap_pg3.c  **** #include "keyboard.h"
   3:keymap_pg3.c  **** #include "action_layer.h"
   4:keymap_pg3.c  **** #include "bootloader.h"
   5:keymap_pg3.c  **** 
   6:keymap_pg3.c  **** const uint8_t PROGMEM keymaps[][MATRIX_ROWS][MATRIX_COLS] = {
   7:keymap_pg3.c  ****     /* Keymap 0: Default Layer
   8:keymap_pg3.c  ****      * ,-------------------------------------------------------------------------------------------
   9:keymap_pg3.c  ****      * |Esc| | F1| F2| F3| F4|  |F5| F6| F7| F8|  |F9| F10| F11| F12|   PSCR|  SCRL|  PAUS|        
  10:keymap_pg3.c  ****      * |-------------------------------------------------------------------------------------------
  11:keymap_pg3.c  ****      * |-------------------------------------------------------------------------------------------
  12:keymap_pg3.c  ****      * |`  |  1|  2|  3|  4|  5|  6|  7|  8|  9|  0|  -|  =| * Bspc|     INS|  HOME|  PGUP|    NLCK
  13:keymap_pg3.c  ****      * |-------------------------------------------------------------------------------------------
  14:keymap_pg3.c  ****      * |Tab  |  Q|  W|  E|  R|  T|  Y|  U|  I|  O|  P|  [|  ]|    \|     DEL|   END|  PGDN|     P7|
  15:keymap_pg3.c  ****      * |-------------------------------------------------------------------------------------------
  16:keymap_pg3.c  ****      * |Caps  |  A|  S|  D|  F|  G|  H|  J|  K|  L|  ;|  '|* Return|                            P4|
  17:keymap_pg3.c  ****      * |-------------------------------------------------------------------------------------------
  18:keymap_pg3.c  ****      * |Shift * |  Z|  X|  C|  V|  B|  N|  M|  ,|  .|  /| *   Shift|            UP |            P1|
  19:keymap_pg3.c  ****      * |-------------------------------------------------------------------------------------------
  20:keymap_pg3.c  ****      * |Ctrl|    |Alt |            Space          |Alt |    |Ctrl  |    LEFT| DOWN | RIGHT|    | * 
  21:keymap_pg3.c  ****      * `-------------------------------------------------------------------------------------------
  22:keymap_pg3.c  ****      */
  23:keymap_pg3.c  ****     KEYMAP( \
  24:keymap_pg3.c  ****         ESC,        F1,  F2,  F3,  F4,  F5,  F6,  F7,  F8,   F9,   F10,   F11,   F12,         PSCR,
  25:keymap_pg3.c  ****         GRV,  1,    2,   3,   4,   5,   6,   7,   8,   9,    0,    MINS,  EQL,   BSLS, BSPC,  INS, 
  26:keymap_pg3.c  ****         TAB,  Q,    W,   E,   R,   T,   Y,   U,   I,   O,    P,    LBRC,  RBRC,  BSLS,        DEL, 
  27:keymap_pg3.c  ****         FN0,  A,    S,   D,   F,   G,   H,   J,   K,   L,    SCLN, QUOT,  BSLS,  ENT,              
  28:keymap_pg3.c  ****         LSFT, NUBS, Z,   X,   C,   V,   B,   N,   M,   COMM, DOT,  SLSH,  RSFT,  RSFT,             
  29:keymap_pg3.c  ****         LCTL,       LALT,                    SPC,                  RALT,         RCTL,        LEFT,
  30:keymap_pg3.c  ****         
  31:keymap_pg3.c  ****     KEYMAP( \
  32:keymap_pg3.c  ****         TRNS,       TRNS,TRNS,TRNS,TRNS,TRNS,TRNS,TRNS,TRNS, TRNS, TRNS,  TRNS,  TRNS,        TRNS,
  33:keymap_pg3.c  ****         TRNS, TRNS, TRNS,TRNS,TRNS,TRNS,TRNS,TRNS,TRNS,TRNS, TRNS, TRNS,  TRNS,  TRNS, TRNS,  TRNS,
  34:keymap_pg3.c  ****         TRNS, TRNS, TRNS,TRNS,TRNS,TRNS,TRNS,TRNS,TRNS,TRNS, TRNS, TRNS,  TRNS,  TRNS,        TRNS,
  35:keymap_pg3.c  ****         TRNS, TRNS, TRNS,TRNS,TRNS,TRNS,TRNS,TRNS,TRNS,TRNS, TRNS, TRNS,  TRNS,  TRNS,             
  36:keymap_pg3.c  ****         TRNS, TRNS, TRNS,TRNS,TRNS,TRNS,TRNS,TRNS,TRNS,TRNS, TRNS, TRNS,  TRNS,  TRNS,             
  37:keymap_pg3.c  ****         TRNS,       TRNS,                    TRNS,                 TRNS,         TRNS,        TRNS,
  38:keymap_pg3.c  ****     
  39:keymap_pg3.c  ****     KEYMAP( \
  40:keymap_pg3.c  ****         TRNS,       TRNS,TRNS, FN3, FN4, FN5, FN6, FN7, FN8,  FN9, TRNS,  TRNS,  TRNS,        TRNS,
  41:keymap_pg3.c  ****         TRNS, TRNS, TRNS,TRNS,TRNS,TRNS,TRNS,TRNS,TRNS,TRNS, TRNS, TRNS,  TRNS,  TRNS, TRNS,  TRNS,
  42:keymap_pg3.c  ****         TRNS, TRNS, TRNS,TRNS,TRNS,TRNS,TRNS,TRNS,TRNS,TRNS, TRNS, TRNS,  TRNS,  TRNS,        TRNS,
  43:keymap_pg3.c  ****         TRNS, TRNS, TRNS,TRNS,TRNS,TRNS,TRNS,TRNS,TRNS,TRNS, TRNS, TRNS,  TRNS,  TRNS,             
  44:keymap_pg3.c  ****         TRNS, TRNS, TRNS,TRNS,TRNS,TRNS,TRNS,TRNS,TRNS,TRNS, TRNS, TRNS,  TRNS,  TRNS,             
  45:keymap_pg3.c  ****         TRNS,       TRNS,                    TRNS,                 TRNS,         TRNS,        TRNS,
  46:keymap_pg3.c  ****          
  47:keymap_pg3.c  **** };
  48:keymap_pg3.c  **** 
  49:keymap_pg3.c  **** /*
  50:keymap_pg3.c  **** * user defined action function
  51:keymap_pg3.c  **** */
  52:keymap_pg3.c  **** enum function_id {
  53:keymap_pg3.c  ****     PAUS_BOOT, // Left ALT + Right ALT + Pause = DFU
  54:keymap_pg3.c  **** };
  55:keymap_pg3.c  **** 
  56:keymap_pg3.c  **** void action_function(keyrecord_t *record, uint8_t id, uint8_t opt)
  57:keymap_pg3.c  **** {
  17               		.loc 1 57 0
  18               		.cfi_startproc
  19               	.LVL0:
  20 0000 CF92      		push r12
  21               	.LCFI0:
  22               		.cfi_def_cfa_offset 3
  23               		.cfi_offset 12, -2
  24 0002 DF92      		push r13
  25               	.LCFI1:
  26               		.cfi_def_cfa_offset 4
  27               		.cfi_offset 13, -3
  28 0004 EF92      		push r14
  29               	.LCFI2:
  30               		.cfi_def_cfa_offset 5
  31               		.cfi_offset 14, -4
  32 0006 FF92      		push r15
  33               	.LCFI3:
  34               		.cfi_def_cfa_offset 6
  35               		.cfi_offset 15, -5
  36               	/* prologue: function */
  37               	/* frame size = 0 */
  38               	/* stack size = 4 */
  39               	.L__stack_usage = 4
  40 0008 6C01      		movw r12,r24
  58:keymap_pg3.c  ****     if (record->event.pressed) dprint("P"); else dprint("R");
  59:keymap_pg3.c  ****     if (record->tap.interrupted) dprint("i");
  60:keymap_pg3.c  **** 
  61:keymap_pg3.c  **** #   define MODS_MASK_1   (MOD_BIT(KC_LALT))
  62:keymap_pg3.c  **** #   define MODS_MASK_2   (MOD_BIT(KC_RALT))    
  63:keymap_pg3.c  ****     static uint8_t lalt_ralt_mods;
  64:keymap_pg3.c  **** 
  65:keymap_pg3.c  ****     switch (id) {
  41               		.loc 1 65 0
  42 000a 6111      		cpse r22,__zero_reg__
  43 000c 00C0      		rjmp .L1
  44               	.LBB2:
  66:keymap_pg3.c  ****         // Left ALT + Right ALT + Pause = DFU
  67:keymap_pg3.c  ****         case PAUS_BOOT:
  68:keymap_pg3.c  ****             lalt_ralt_mods = get_mods()&MODS_MASK_1 && get_mods()&MODS_MASK_2;
  45               		.loc 1 68 0
  46 000e 0E94 0000 		call get_mods
  47               	.LVL1:
  48 0012 82FF      		sbrs r24,2
  49 0014 00C0      		rjmp .L7
  50               		.loc 1 68 0 is_stmt 0 discriminator 1
  51 0016 0E94 0000 		call get_mods
  52               	.LVL2:
  53 001a 86FB      		bst r24,6
  54 001c EE24      		clr r14
  55 001e E0F8      		bld r14,0
  56 0020 F12C      		mov r15,__zero_reg__
  57 0022 00C0      		rjmp .L4
  58               	.L7:
  59               		.loc 1 68 0
  60 0024 E12C      		mov r14,__zero_reg__
  61 0026 F12C      		mov r15,__zero_reg__
  62               	.L4:
  63               		.loc 1 68 0 discriminator 4
  64 0028 E092 0000 		sts lalt_ralt_mods.2110,r14
  69:keymap_pg3.c  ****             if (record->event.pressed) {
  65               		.loc 1 69 0 is_stmt 1 discriminator 4
  66 002c F601      		movw r30,r12
  67 002e 9281      		ldd r25,Z+2
  68 0030 9923      		tst r25
  69 0032 01F0      		breq .L5
  70:keymap_pg3.c  ****                 if (lalt_ralt_mods) {
  70               		.loc 1 70 0
  71 0034 EE20      		tst r14
  72 0036 01F0      		breq .L6
  73               	.LBB3:
  71:keymap_pg3.c  **** 		    del_mods(lalt_ralt_mods);
  74               		.loc 1 71 0
  75 0038 C701      		movw r24,r14
  76 003a 0E94 0000 		call del_mods
  77               	.LVL3:
  72:keymap_pg3.c  **** 		    send_keyboard_report();
  78               		.loc 1 72 0
  79 003e 0E94 0000 		call send_keyboard_report
  80               	.LVL4:
  81               	/* epilogue start */
  82               	.LBE3:
  83               	.LBE2:
  73:keymap_pg3.c  **** 		    bootloader_jump(); // toggle number pad layer
  74:keymap_pg3.c  ****                 } else {
  75:keymap_pg3.c  ****                     del_mods(lalt_ralt_mods); // remove shift
  76:keymap_pg3.c  ****                     add_key(KC_PAUS);
  77:keymap_pg3.c  ****                     send_keyboard_report(); // send Scroll Lock
  78:keymap_pg3.c  ****                     add_mods(lalt_ralt_mods); // return shift but not sent
  79:keymap_pg3.c  ****                 }
  80:keymap_pg3.c  ****             } else {
  81:keymap_pg3.c  ****                 if (lalt_ralt_mods) {                   
  82:keymap_pg3.c  ****                 } else {
  83:keymap_pg3.c  ****                     del_key(KC_PAUS);
  84:keymap_pg3.c  ****                     send_keyboard_report();
  85:keymap_pg3.c  ****                 }
  86:keymap_pg3.c  ****             }
  87:keymap_pg3.c  ****             break;
  88:keymap_pg3.c  ****     }
  89:keymap_pg3.c  **** 
  90:keymap_pg3.c  **** };
  84               		.loc 1 90 0
  85 0042 FF90      		pop r15
  86 0044 EF90      		pop r14
  87 0046 DF90      		pop r13
  88 0048 CF90      		pop r12
  89               	.LVL5:
  90               	.LBB9:
  91               	.LBB4:
  73:keymap_pg3.c  **** 		    bootloader_jump(); // toggle number pad layer
  92               		.loc 1 73 0
  93 004a 0C94 0000 		jmp bootloader_jump
  94               	.LVL6:
  95               	.L6:
  96               	.LBE4:
  97               	.LBB5:
  75:keymap_pg3.c  ****                     del_mods(lalt_ralt_mods); // remove shift
  98               		.loc 1 75 0
  99 004e C701      		movw r24,r14
 100 0050 0E94 0000 		call del_mods
 101               	.LVL7:
  76:keymap_pg3.c  ****                     add_key(KC_PAUS);
 102               		.loc 1 76 0
 103 0054 88E4      		ldi r24,lo8(72)
 104 0056 90E0      		ldi r25,0
 105 0058 0E94 0000 		call add_key
 106               	.LVL8:
  77:keymap_pg3.c  ****                     send_keyboard_report(); // send Scroll Lock
 107               		.loc 1 77 0
 108 005c 0E94 0000 		call send_keyboard_report
 109               	.LVL9:
  78:keymap_pg3.c  ****                     add_mods(lalt_ralt_mods); // return shift but not sent
 110               		.loc 1 78 0
 111 0060 8091 0000 		lds r24,lalt_ralt_mods.2110
 112 0064 90E0      		ldi r25,0
 113               	/* epilogue start */
 114               	.LBE5:
 115               	.LBE9:
 116               		.loc 1 90 0
 117 0066 FF90      		pop r15
 118 0068 EF90      		pop r14
 119 006a DF90      		pop r13
 120 006c CF90      		pop r12
 121               	.LVL10:
 122               	.LBB10:
 123               	.LBB6:
  78:keymap_pg3.c  ****                     add_mods(lalt_ralt_mods); // return shift but not sent
 124               		.loc 1 78 0
 125 006e 0C94 0000 		jmp add_mods
 126               	.LVL11:
 127               	.L5:
 128               	.LBE6:
  81:keymap_pg3.c  ****                 if (lalt_ralt_mods) {                   
 129               		.loc 1 81 0
 130 0072 E110      		cpse r14,__zero_reg__
 131 0074 00C0      		rjmp .L1
 132               	.LBB7:
  83:keymap_pg3.c  ****                     del_key(KC_PAUS);
 133               		.loc 1 83 0
 134 0076 88E4      		ldi r24,lo8(72)
 135 0078 90E0      		ldi r25,0
 136 007a 0E94 0000 		call del_key
 137               	.LVL12:
 138               	/* epilogue start */
 139               	.LBE7:
 140               	.LBE10:
 141               		.loc 1 90 0
 142 007e FF90      		pop r15
 143 0080 EF90      		pop r14
 144 0082 DF90      		pop r13
 145 0084 CF90      		pop r12
 146               	.LVL13:
 147               	.LBB11:
 148               	.LBB8:
  84:keymap_pg3.c  ****                     send_keyboard_report();
 149               		.loc 1 84 0
 150 0086 0C94 0000 		jmp send_keyboard_report
 151               	.LVL14:
 152               	.L1:
 153               	/* epilogue start */
 154               	.LBE8:
 155               	.LBE11:
 156               		.loc 1 90 0
 157 008a FF90      		pop r15
 158 008c EF90      		pop r14
 159 008e DF90      		pop r13
 160 0090 CF90      		pop r12
 161               	.LVL15:
 162 0092 0895      		ret
 163               		.cfi_endproc
 164               	.LFE4:
 166               		.section	.text.action_get_macro,"ax",@progbits
 167               	.global	action_get_macro
 169               	action_get_macro:
 170               	.LFB5:
  91:keymap_pg3.c  **** 
  92:keymap_pg3.c  **** enum macro_id {
  93:keymap_pg3.c  ****     CUT,
  94:keymap_pg3.c  ****     COPY,
  95:keymap_pg3.c  ****     PASTE,
  96:keymap_pg3.c  ****     SELECTALL,
  97:keymap_pg3.c  ****     TEST,
  98:keymap_pg3.c  ****     TEST2,
  99:keymap_pg3.c  ****     TEST3,
 100:keymap_pg3.c  **** };
 101:keymap_pg3.c  **** 
 102:keymap_pg3.c  **** const uint16_t PROGMEM fn_actions[] = {
 103:keymap_pg3.c  ****     [0] = ACTION_LAYER_TAP_KEY(2, KC_CAPS),	// mouse and media etc.
 104:keymap_pg3.c  ****     [1] = ACTION_LAYER_MOMENTARY(1),
 105:keymap_pg3.c  ****     [2] = ACTION_FUNCTION(PAUS_BOOT),	// DFU BOOTLOADER  
 106:keymap_pg3.c  ****     [3] = ACTION_MACRO(CUT),
 107:keymap_pg3.c  ****     [4] = ACTION_MACRO(COPY),
 108:keymap_pg3.c  ****     [5] = ACTION_MACRO(PASTE),
 109:keymap_pg3.c  ****     [6] = ACTION_MACRO(SELECTALL),  
 110:keymap_pg3.c  ****     [7] = ACTION_MACRO(TEST),
 111:keymap_pg3.c  ****     [8] = ACTION_MACRO(TEST2),
 112:keymap_pg3.c  ****     [9] = ACTION_MACRO(TEST3),
 113:keymap_pg3.c  **** };
 114:keymap_pg3.c  **** 
 115:keymap_pg3.c  **** const macro_t *action_get_macro(keyrecord_t *record, uint8_t id, uint8_t opt)
 116:keymap_pg3.c  **** {
 171               		.loc 1 116 0
 172               		.cfi_startproc
 173               	.LVL16:
 174               	/* prologue: function */
 175               	/* frame size = 0 */
 176               	/* stack size = 0 */
 177               	.L__stack_usage = 0
 178 0000 FC01      		movw r30,r24
 117:keymap_pg3.c  ****     switch (id) {
 179               		.loc 1 117 0
 180 0002 6330      		cpi r22,lo8(3)
 181 0004 01F0      		breq .L13
 182 0006 00F4      		brsh .L17
 183 0008 8281      		ldd r24,Z+2
 184               	.LVL17:
 185 000a 6130      		cpi r22,lo8(1)
 186 000c 01F0      		breq .L11
 187 000e 00F4      		brsh .L12
 188 0010 00C0      		rjmp .L26
 189               	.LVL18:
 190               	.L17:
 191 0012 6530      		cpi r22,lo8(5)
 192 0014 01F0      		breq .L15
 193 0016 00F0      		brlo .L14
 194 0018 6630      		cpi r22,lo8(6)
 195 001a 01F4      		brne .L25
 196 001c 00C0      		rjmp .L16
 197               	.LVL19:
 198               	.L26:
 118:keymap_pg3.c  ****       case CUT:
 119:keymap_pg3.c  **** 	return (record->event.pressed ?
 120:keymap_pg3.c  **** 	    MACRO( D(LCTRL), T(X), END ) :
 199               		.loc 1 120 0
 200 001e 8823      		tst r24
 201 0020 01F0      		breq .L19
 202 0022 20E0      		ldi r18,lo8(__m.2143)
 203 0024 30E0      		ldi r19,hi8(__m.2143)
 204 0026 00C0      		rjmp .L9
 205               	.L11:
 121:keymap_pg3.c  **** 	    MACRO( U(LCTRL), U(X), END ));
 122:keymap_pg3.c  **** 
 123:keymap_pg3.c  ****       case COPY:
 124:keymap_pg3.c  **** 	return (record->event.pressed ?
 125:keymap_pg3.c  **** 	    MACRO( D(LCTRL), D(C), END ) :
 206               		.loc 1 125 0
 207 0028 8823      		tst r24
 208 002a 01F0      		breq .L20
 209 002c 20E0      		ldi r18,lo8(__m.2148)
 210 002e 30E0      		ldi r19,hi8(__m.2148)
 211 0030 00C0      		rjmp .L9
 212               	.L12:
 126:keymap_pg3.c  **** 	    MACRO( U(LCTRL), U(C), END ));
 127:keymap_pg3.c  ****     
 128:keymap_pg3.c  ****       case PASTE:
 129:keymap_pg3.c  **** 	return (record->event.pressed ?
 130:keymap_pg3.c  **** 	    MACRO( D(LCTRL), D(V), END ) :
 213               		.loc 1 130 0
 214 0032 8823      		tst r24
 215 0034 01F0      		breq .L21
 216 0036 20E0      		ldi r18,lo8(__m.2153)
 217 0038 30E0      		ldi r19,hi8(__m.2153)
 218 003a 00C0      		rjmp .L9
 219               	.LVL20:
 220               	.L13:
 131:keymap_pg3.c  **** 	    MACRO( U(LCTRL), U(V), END ));
 132:keymap_pg3.c  **** 
 133:keymap_pg3.c  ****       case SELECTALL:
 134:keymap_pg3.c  **** 	return (record->event.pressed ?
 135:keymap_pg3.c  **** 	    MACRO( D(LCTRL), D(A), END ) :
 221               		.loc 1 135 0
 222 003c 8281      		ldd r24,Z+2
 223               	.LVL21:
 224 003e 8823      		tst r24
 225 0040 01F0      		breq .L22
 226 0042 20E0      		ldi r18,lo8(__m.2158)
 227 0044 30E0      		ldi r19,hi8(__m.2158)
 228 0046 00C0      		rjmp .L9
 229               	.LVL22:
 230               	.L14:
 136:keymap_pg3.c  **** 	    MACRO( U(LCTRL), U(A), END ));     
 137:keymap_pg3.c  **** 
 138:keymap_pg3.c  ****       case TEST:
 139:keymap_pg3.c  **** 	return (record->event.pressed ?
 140:keymap_pg3.c  **** 	    MACRO( I(30), D(LSHIFT), T(I), U(LSHIFT), T(N), T(V), T(O), T(I), T(C), T(E), T(SPC), T(T), T(
 231               		.loc 1 140 0
 232 0048 8281      		ldd r24,Z+2
 233               	.LVL23:
 234 004a 8823      		tst r24
 235 004c 01F0      		breq .L25
 236 004e 20E0      		ldi r18,lo8(__m.2163)
 237 0050 30E0      		ldi r19,hi8(__m.2163)
 238 0052 00C0      		rjmp .L9
 239               	.LVL24:
 240               	.L15:
 141:keymap_pg3.c  ****    	    MACRO_NONE );      
 142:keymap_pg3.c  **** 
 143:keymap_pg3.c  ****       case TEST2:
 144:keymap_pg3.c  **** 	return (record->event.pressed ?
 145:keymap_pg3.c  **** 	    MACRO( I(30), T(TAB), T(ENT), T(TAB), T(ENT), T(TAB), T(TAB), T(TAB), T(SPC), T(TAB), T(ENT), 
 241               		.loc 1 145 0
 242 0054 8281      		ldd r24,Z+2
 243               	.LVL25:
 244 0056 8823      		tst r24
 245 0058 01F0      		breq .L25
 246 005a 20E0      		ldi r18,lo8(__m.2166)
 247 005c 30E0      		ldi r19,hi8(__m.2166)
 248 005e 00C0      		rjmp .L9
 249               	.LVL26:
 250               	.L16:
 146:keymap_pg3.c  ****    	    MACRO_NONE );
 147:keymap_pg3.c  **** 	
 148:keymap_pg3.c  ****       case TEST3:
 149:keymap_pg3.c  **** 	return (record->event.pressed ?
 150:keymap_pg3.c  **** 	    MACRO( I(30), D(LSHIFT), T(8), U(LSHIFT), T(SPC), T(ENT), T(BSPC), END ) :
 251               		.loc 1 150 0
 252 0060 8281      		ldd r24,Z+2
 253               	.LVL27:
 254 0062 8823      		tst r24
 255 0064 01F0      		breq .L25
 256 0066 20E0      		ldi r18,lo8(__m.2169)
 257 0068 30E0      		ldi r19,hi8(__m.2169)
 258 006a 00C0      		rjmp .L9
 259               	.L19:
 120:keymap_pg3.c  **** 	    MACRO( D(LCTRL), T(X), END ) :
 260               		.loc 1 120 0
 261 006c 20E0      		ldi r18,lo8(__m.2145)
 262 006e 30E0      		ldi r19,hi8(__m.2145)
 263 0070 00C0      		rjmp .L9
 264               	.L20:
 125:keymap_pg3.c  **** 	    MACRO( D(LCTRL), D(C), END ) :
 265               		.loc 1 125 0
 266 0072 20E0      		ldi r18,lo8(__m.2150)
 267 0074 30E0      		ldi r19,hi8(__m.2150)
 268 0076 00C0      		rjmp .L9
 269               	.L21:
 130:keymap_pg3.c  **** 	    MACRO( D(LCTRL), D(V), END ) :
 270               		.loc 1 130 0
 271 0078 20E0      		ldi r18,lo8(__m.2155)
 272 007a 30E0      		ldi r19,hi8(__m.2155)
 273 007c 00C0      		rjmp .L9
 274               	.L22:
 135:keymap_pg3.c  **** 	    MACRO( D(LCTRL), D(A), END ) :
 275               		.loc 1 135 0
 276 007e 20E0      		ldi r18,lo8(__m.2160)
 277 0080 30E0      		ldi r19,hi8(__m.2160)
 278 0082 00C0      		rjmp .L9
 279               	.L25:
 140:keymap_pg3.c  **** 	    MACRO( I(30), D(LSHIFT), T(I), U(LSHIFT), T(N), T(V), T(O), T(I), T(C), T(E), T(SPC), T(T), T(
 280               		.loc 1 140 0
 281 0084 20E0      		ldi r18,0
 282 0086 30E0      		ldi r19,0
 283               	.L9:
 151:keymap_pg3.c  ****    	    MACRO_NONE );
 152:keymap_pg3.c  **** 	
 153:keymap_pg3.c  ****     }
 154:keymap_pg3.c  ****     return MACRO_NONE;
 155:keymap_pg3.c  **** }...
 284               		.loc 1 155 0
 285 0088 C901      		movw r24,r18
 286 008a 0895      		ret
 287               		.cfi_endproc
 288               	.LFE5:
 290               	.global	fn_actions
 291               		.section	.progmem.data.fn_actions,"a",@progbits
 294               	fn_actions:
 295 0000 39A2      		.word	-24007
 296 0002 F1A1      		.word	-24079
 297 0004 00F0      		.word	-4096
 298 0006 00C0      		.word	-16384
 299 0008 01C0      		.word	-16383
 300 000a 02C0      		.word	-16382
 301 000c 03C0      		.word	-16381
 302 000e 04C0      		.word	-16380
 303 0010 05C0      		.word	-16379
 304 0012 06C0      		.word	-16378
 305               	.global	keymaps
 306               		.section	.progmem.data.keymaps,"a",@progbits
 309               	keymaps:
 310 0000 00        		.byte	0
 311 0001 00        		.byte	0
 312 0002 00        		.byte	0
 313 0003 00        		.byte	0
 314 0004 00        		.byte	0
 315 0005 05        		.byte	5
 316 0006 2C        		.byte	44
 317 0007 11        		.byte	17
 318 0008 E5        		.byte	-27
 319 0009 00        		.byte	0
 320 000a 38        		.byte	56
 321 000b 51        		.byte	81
 322 000c 4F        		.byte	79
 323 000d 56        		.byte	86
 324 000e 50        		.byte	80
 325 000f E6        		.byte	-26
 326 0010 E4        		.byte	-28
 327 0011 E5        		.byte	-27
 328 0012 1D        		.byte	29
 329 0013 1B        		.byte	27
 330 0014 06        		.byte	6
 331 0015 19        		.byte	25
 332 0016 28        		.byte	40
 333 0017 10        		.byte	16
 334 0018 36        		.byte	54
 335 0019 37        		.byte	55
 336 001a 31        		.byte	49
 337 001b 53        		.byte	83
 338 001c 54        		.byte	84
 339 001d 55        		.byte	85
 340 001e C2        		.byte	-62
 341 001f 00        		.byte	0
 342 0020 00        		.byte	0
 343 0021 00        		.byte	0
 344 0022 04        		.byte	4
 345 0023 16        		.byte	22
 346 0024 07        		.byte	7
 347 0025 09        		.byte	9
 348 0026 31        		.byte	49
 349 0027 0D        		.byte	13
 350 0028 0E        		.byte	14
 351 0029 0F        		.byte	15
 352 002a 33        		.byte	51
 353 002b 59        		.byte	89
 354 002c 5A        		.byte	90
 355 002d 5B        		.byte	91
 356 002e 58        		.byte	88
 357 002f 00        		.byte	0
 358 0030 00        		.byte	0
 359 0031 00        		.byte	0
 360 0032 14        		.byte	20
 361 0033 1A        		.byte	26
 362 0034 08        		.byte	8
 363 0035 15        		.byte	21
 364 0036 31        		.byte	49
 365 0037 18        		.byte	24
 366 0038 0C        		.byte	12
 367 0039 12        		.byte	18
 368 003a 13        		.byte	19
 369 003b 5F        		.byte	95
 370 003c 60        		.byte	96
 371 003d 61        		.byte	97
 372 003e 57        		.byte	87
 373 003f 47        		.byte	71
 374 0040 00        		.byte	0
 375 0041 00        		.byte	0
 376 0042 1E        		.byte	30
 377 0043 1F        		.byte	31
 378 0044 20        		.byte	32
 379 0045 21        		.byte	33
 380 0046 43        		.byte	67
 381 0047 24        		.byte	36
 382 0048 25        		.byte	37
 383 0049 26        		.byte	38
 384 004a 27        		.byte	39
 385 004b 44        		.byte	68
 386 004c 45        		.byte	69
 387 004d 4E        		.byte	78
 388 004e 4D        		.byte	77
 389 004f 46        		.byte	70
 390 0050 E0        		.byte	-32
 391 0051 00        		.byte	0
 392 0052 35        		.byte	53
 393 0053 3A        		.byte	58
 394 0054 3B        		.byte	59
 395 0055 22        		.byte	34
 396 0056 42        		.byte	66
 397 0057 23        		.byte	35
 398 0058 2E        		.byte	46
 399 0059 41        		.byte	65
 400 005a 2D        		.byte	45
 401 005b 4C        		.byte	76
 402 005c 49        		.byte	73
 403 005d 4B        		.byte	75
 404 005e 4A        		.byte	74
 405 005f 00        		.byte	0
 406 0060 00        		.byte	0
 407 0061 E1        		.byte	-31
 408 0062 2B        		.byte	43
 409 0063 C0        		.byte	-64
 410 0064 3C        		.byte	60
 411 0065 17        		.byte	23
 412 0066 2A        		.byte	42
 413 0067 1C        		.byte	28
 414 0068 30        		.byte	48
 415 0069 40        		.byte	64
 416 006a 2F        		.byte	47
 417 006b 5C        		.byte	92
 418 006c 5D        		.byte	93
 419 006d 5E        		.byte	94
 420 006e C1        		.byte	-63
 421 006f 00        		.byte	0
 422 0070 00        		.byte	0
 423 0071 00        		.byte	0
 424 0072 29        		.byte	41
 425 0073 64        		.byte	100
 426 0074 3D        		.byte	61
 427 0075 0A        		.byte	10
 428 0076 3E        		.byte	62
 429 0077 0B        		.byte	11
 430 0078 3F        		.byte	63
 431 0079 00        		.byte	0
 432 007a 34        		.byte	52
 433 007b 00        		.byte	0
 434 007c 62        		.byte	98
 435 007d 63        		.byte	99
 436 007e 52        		.byte	82
 437 007f E2        		.byte	-30
 438 0080 00        		.byte	0
 439 0081 00        		.byte	0
 440 0082 00        		.byte	0
 441 0083 00        		.byte	0
 442 0084 00        		.byte	0
 443 0085 01        		.byte	1
 444 0086 01        		.byte	1
 445 0087 01        		.byte	1
 446 0088 01        		.byte	1
 447 0089 00        		.byte	0
 448 008a 01        		.byte	1
 449 008b 01        		.byte	1
 450 008c 01        		.byte	1
 451 008d 00        		.byte	0
 452 008e 01        		.byte	1
 453 008f 01        		.byte	1
 454 0090 01        		.byte	1
 455 0091 01        		.byte	1
 456 0092 01        		.byte	1
 457 0093 01        		.byte	1
 458 0094 01        		.byte	1
 459 0095 01        		.byte	1
 460 0096 01        		.byte	1
 461 0097 01        		.byte	1
 462 0098 01        		.byte	1
 463 0099 01        		.byte	1
 464 009a 01        		.byte	1
 465 009b 00        		.byte	0
 466 009c 00        		.byte	0
 467 009d 00        		.byte	0
 468 009e 01        		.byte	1
 469 009f 00        		.byte	0
 470 00a0 00        		.byte	0
 471 00a1 00        		.byte	0
 472 00a2 01        		.byte	1
 473 00a3 01        		.byte	1
 474 00a4 01        		.byte	1
 475 00a5 01        		.byte	1
 476 00a6 01        		.byte	1
 477 00a7 01        		.byte	1
 478 00a8 01        		.byte	1
 479 00a9 01        		.byte	1
 480 00aa 01        		.byte	1
 481 00ab 00        		.byte	0
 482 00ac 00        		.byte	0
 483 00ad 00        		.byte	0
 484 00ae 00        		.byte	0
 485 00af 01        		.byte	1
 486 00b0 00        		.byte	0
 487 00b1 00        		.byte	0
 488 00b2 01        		.byte	1
 489 00b3 01        		.byte	1
 490 00b4 01        		.byte	1
 491 00b5 01        		.byte	1
 492 00b6 01        		.byte	1
 493 00b7 01        		.byte	1
 494 00b8 01        		.byte	1
 495 00b9 01        		.byte	1
 496 00ba 01        		.byte	1
 497 00bb AC        		.byte	-84
 498 00bc B0        		.byte	-80
 499 00bd AB        		.byte	-85
 500 00be 00        		.byte	0
 501 00bf 01        		.byte	1
 502 00c0 00        		.byte	0
 503 00c1 00        		.byte	0
 504 00c2 01        		.byte	1
 505 00c3 01        		.byte	1
 506 00c4 01        		.byte	1
 507 00c5 01        		.byte	1
 508 00c6 01        		.byte	1
 509 00c7 01        		.byte	1
 510 00c8 01        		.byte	1
 511 00c9 01        		.byte	1
 512 00ca 01        		.byte	1
 513 00cb 01        		.byte	1
 514 00cc 01        		.byte	1
 515 00cd 01        		.byte	1
 516 00ce 01        		.byte	1
 517 00cf 01        		.byte	1
 518 00d0 01        		.byte	1
 519 00d1 00        		.byte	0
 520 00d2 01        		.byte	1
 521 00d3 01        		.byte	1
 522 00d4 01        		.byte	1
 523 00d5 01        		.byte	1
 524 00d6 01        		.byte	1
 525 00d7 01        		.byte	1
 526 00d8 01        		.byte	1
 527 00d9 01        		.byte	1
 528 00da 01        		.byte	1
 529 00db 01        		.byte	1
 530 00dc 01        		.byte	1
 531 00dd 01        		.byte	1
 532 00de 01        		.byte	1
 533 00df 00        		.byte	0
 534 00e0 00        		.byte	0
 535 00e1 01        		.byte	1
 536 00e2 01        		.byte	1
 537 00e3 01        		.byte	1
 538 00e4 01        		.byte	1
 539 00e5 01        		.byte	1
 540 00e6 01        		.byte	1
 541 00e7 01        		.byte	1
 542 00e8 01        		.byte	1
 543 00e9 01        		.byte	1
 544 00ea 01        		.byte	1
 545 00eb AA        		.byte	-86
 546 00ec A8        		.byte	-88
 547 00ed A9        		.byte	-87
 548 00ee 01        		.byte	1
 549 00ef 00        		.byte	0
 550 00f0 00        		.byte	0
 551 00f1 00        		.byte	0
 552 00f2 01        		.byte	1
 553 00f3 01        		.byte	1
 554 00f4 01        		.byte	1
 555 00f5 01        		.byte	1
 556 00f6 01        		.byte	1
 557 00f7 01        		.byte	1
 558 00f8 01        		.byte	1
 559 00f9 00        		.byte	0
 560 00fa 01        		.byte	1
 561 00fb 01        		.byte	1
 562 00fc 00        		.byte	0
 563 00fd 00        		.byte	0
 564 00fe 01        		.byte	1
 565 00ff 01        		.byte	1
 566 0100 00        		.byte	0
 567 0101 00        		.byte	0
 568 0102 00        		.byte	0
 569 0103 00        		.byte	0
 570 0104 00        		.byte	0
 571 0105 01        		.byte	1
 572 0106 01        		.byte	1
 573 0107 01        		.byte	1
 574 0108 01        		.byte	1
 575 0109 00        		.byte	0
 576 010a 01        		.byte	1
 577 010b 01        		.byte	1
 578 010c 01        		.byte	1
 579 010d 01        		.byte	1
 580 010e 01        		.byte	1
 581 010f 01        		.byte	1
 582 0110 01        		.byte	1
 583 0111 01        		.byte	1
 584 0112 01        		.byte	1
 585 0113 01        		.byte	1
 586 0114 01        		.byte	1
 587 0115 01        		.byte	1
 588 0116 01        		.byte	1
 589 0117 01        		.byte	1
 590 0118 01        		.byte	1
 591 0119 01        		.byte	1
 592 011a 01        		.byte	1
 593 011b 01        		.byte	1
 594 011c 01        		.byte	1
 595 011d 01        		.byte	1
 596 011e C2        		.byte	-62
 597 011f 00        		.byte	0
 598 0120 00        		.byte	0
 599 0121 00        		.byte	0
 600 0122 01        		.byte	1
 601 0123 01        		.byte	1
 602 0124 01        		.byte	1
 603 0125 01        		.byte	1
 604 0126 01        		.byte	1
 605 0127 01        		.byte	1
 606 0128 01        		.byte	1
 607 0129 01        		.byte	1
 608 012a 01        		.byte	1
 609 012b 01        		.byte	1
 610 012c 01        		.byte	1
 611 012d 01        		.byte	1
 612 012e 01        		.byte	1
 613 012f 01        		.byte	1
 614 0130 00        		.byte	0
 615 0131 00        		.byte	0
 616 0132 01        		.byte	1
 617 0133 01        		.byte	1
 618 0134 01        		.byte	1
 619 0135 01        		.byte	1
 620 0136 01        		.byte	1
 621 0137 01        		.byte	1
 622 0138 01        		.byte	1
 623 0139 01        		.byte	1
 624 013a 01        		.byte	1
 625 013b 01        		.byte	1
 626 013c 01        		.byte	1
 627 013d 01        		.byte	1
 628 013e 01        		.byte	1
 629 013f 01        		.byte	1
 630 0140 00        		.byte	0
 631 0141 00        		.byte	0
 632 0142 01        		.byte	1
 633 0143 01        		.byte	1
 634 0144 01        		.byte	1
 635 0145 01        		.byte	1
 636 0146 01        		.byte	1
 637 0147 01        		.byte	1
 638 0148 01        		.byte	1
 639 0149 01        		.byte	1
 640 014a 01        		.byte	1
 641 014b 01        		.byte	1
 642 014c 01        		.byte	1
 643 014d 01        		.byte	1
 644 014e 01        		.byte	1
 645 014f 01        		.byte	1
 646 0150 01        		.byte	1
 647 0151 00        		.byte	0
 648 0152 01        		.byte	1
 649 0153 01        		.byte	1
 650 0154 01        		.byte	1
 651 0155 01        		.byte	1
 652 0156 C9        		.byte	-55
 653 0157 01        		.byte	1
 654 0158 01        		.byte	1
 655 0159 C8        		.byte	-56
 656 015a 01        		.byte	1
 657 015b 01        		.byte	1
 658 015c 01        		.byte	1
 659 015d 01        		.byte	1
 660 015e 01        		.byte	1
 661 015f 00        		.byte	0
 662 0160 00        		.byte	0
 663 0161 01        		.byte	1
 664 0162 01        		.byte	1
 665 0163 01        		.byte	1
 666 0164 C3        		.byte	-61
 667 0165 01        		.byte	1
 668 0166 01        		.byte	1
 669 0167 01        		.byte	1
 670 0168 01        		.byte	1
 671 0169 C7        		.byte	-57
 672 016a 01        		.byte	1
 673 016b 01        		.byte	1
 674 016c 01        		.byte	1
 675 016d 01        		.byte	1
 676 016e 01        		.byte	1
 677 016f 00        		.byte	0
 678 0170 00        		.byte	0
 679 0171 00        		.byte	0
 680 0172 01        		.byte	1
 681 0173 01        		.byte	1
 682 0174 C4        		.byte	-60
 683 0175 01        		.byte	1
 684 0176 C5        		.byte	-59
 685 0177 01        		.byte	1
 686 0178 C6        		.byte	-58
 687 0179 00        		.byte	0
 688 017a 01        		.byte	1
 689 017b 01        		.byte	1
 690 017c 01        		.byte	1
 691 017d 01        		.byte	1
 692 017e 01        		.byte	1
 693 017f 01        		.byte	1
 694               		.section	.bss.lalt_ralt_mods.2110,"aw",@nobits
 697               	lalt_ralt_mods.2110:
 698 0000 00        		.zero	1
 699               		.section	.progmem.data.__m.2143,"a",@progbits
 702               	__m.2143:
 703 0000 01        		.byte	1
 704 0001 E0        		.byte	-32
 705 0002 01        		.byte	1
 706 0003 1B        		.byte	27
 707 0004 02        		.byte	2
 708 0005 1B        		.byte	27
 709 0006 00        		.byte	0
 710               		.section	.progmem.data.__m.2145,"a",@progbits
 713               	__m.2145:
 714 0000 02        		.byte	2
 715 0001 E0        		.byte	-32
 716 0002 02        		.byte	2
 717 0003 1B        		.byte	27
 718 0004 00        		.byte	0
 719               		.section	.progmem.data.__m.2148,"a",@progbits
 722               	__m.2148:
 723 0000 01        		.byte	1
 724 0001 E0        		.byte	-32
 725 0002 01        		.byte	1
 726 0003 06        		.byte	6
 727 0004 00        		.byte	0
 728               		.section	.progmem.data.__m.2150,"a",@progbits
 731               	__m.2150:
 732 0000 02        		.byte	2
 733 0001 E0        		.byte	-32
 734 0002 02        		.byte	2
 735 0003 06        		.byte	6
 736 0004 00        		.byte	0
 737               		.section	.progmem.data.__m.2153,"a",@progbits
 740               	__m.2153:
 741 0000 01        		.byte	1
 742 0001 E0        		.byte	-32
 743 0002 01        		.byte	1
 744 0003 19        		.byte	25
 745 0004 00        		.byte	0
 746               		.section	.progmem.data.__m.2155,"a",@progbits
 749               	__m.2155:
 750 0000 02        		.byte	2
 751 0001 E0        		.byte	-32
 752 0002 02        		.byte	2
 753 0003 19        		.byte	25
 754 0004 00        		.byte	0
 755               		.section	.progmem.data.__m.2158,"a",@progbits
 758               	__m.2158:
 759 0000 01        		.byte	1
 760 0001 E0        		.byte	-32
 761 0002 01        		.byte	1
 762 0003 04        		.byte	4
 763 0004 00        		.byte	0
 764               		.section	.progmem.data.__m.2160,"a",@progbits
 767               	__m.2160:
 768 0000 02        		.byte	2
 769 0001 E0        		.byte	-32
 770 0002 02        		.byte	2
 771 0003 04        		.byte	4
 772 0004 00        		.byte	0
 773               		.section	.progmem.data.__m.2163,"a",@progbits
 776               	__m.2163:
 777 0000 75        		.byte	117
 778 0001 1E        		.byte	30
 779 0002 01        		.byte	1
 780 0003 E1        		.byte	-31
 781 0004 01        		.byte	1
 782 0005 0C        		.byte	12
 783 0006 02        		.byte	2
 784 0007 0C        		.byte	12
 785 0008 02        		.byte	2
 786 0009 E1        		.byte	-31
 787 000a 01        		.byte	1
 788 000b 11        		.byte	17
 789 000c 02        		.byte	2
 790 000d 11        		.byte	17
 791 000e 01        		.byte	1
 792 000f 19        		.byte	25
 793 0010 02        		.byte	2
 794 0011 19        		.byte	25
 795 0012 01        		.byte	1
 796 0013 12        		.byte	18
 797 0014 02        		.byte	2
 798 0015 12        		.byte	18
 799 0016 01        		.byte	1
 800 0017 0C        		.byte	12
 801 0018 02        		.byte	2
 802 0019 0C        		.byte	12
 803 001a 01        		.byte	1
 804 001b 06        		.byte	6
 805 001c 02        		.byte	2
 806 001d 06        		.byte	6
 807 001e 01        		.byte	1
 808 001f 08        		.byte	8
 809 0020 02        		.byte	2
 810 0021 08        		.byte	8
 811 0022 01        		.byte	1
 812 0023 2C        		.byte	44
 813 0024 02        		.byte	2
 814 0025 2C        		.byte	44
 815 0026 01        		.byte	1
 816 0027 17        		.byte	23
 817 0028 02        		.byte	2
 818 0029 17        		.byte	23
 819 002a 01        		.byte	1
 820 002b 12        		.byte	18
 821 002c 02        		.byte	2
 822 002d 12        		.byte	18
 823 002e 01        		.byte	1
 824 002f E1        		.byte	-31
 825 0030 01        		.byte	1
 826 0031 33        		.byte	51
 827 0032 02        		.byte	2
 828 0033 33        		.byte	51
 829 0034 02        		.byte	2
 830 0035 E1        		.byte	-31
 831 0036 01        		.byte	1
 832 0037 2C        		.byte	44
 833 0038 02        		.byte	2
 834 0039 2C        		.byte	44
 835 003a 01        		.byte	1
 836 003b 2C        		.byte	44
 837 003c 02        		.byte	2
 838 003d 2C        		.byte	44
 839 003e 01        		.byte	1
 840 003f E0        		.byte	-32
 841 0040 01        		.byte	1
 842 0041 19        		.byte	25
 843 0042 02        		.byte	2
 844 0043 E0        		.byte	-32
 845 0044 02        		.byte	2
 846 0045 19        		.byte	25
 847 0046 01        		.byte	1
 848 0047 37        		.byte	55
 849 0048 02        		.byte	2
 850 0049 37        		.byte	55
 851 004a 00        		.byte	0
 852               		.section	.progmem.data.__m.2166,"a",@progbits
 855               	__m.2166:
 856 0000 75        		.byte	117
 857 0001 1E        		.byte	30
 858 0002 01        		.byte	1
 859 0003 2B        		.byte	43
 860 0004 02        		.byte	2
 861 0005 2B        		.byte	43
 862 0006 01        		.byte	1
 863 0007 28        		.byte	40
 864 0008 02        		.byte	2
 865 0009 28        		.byte	40
 866 000a 01        		.byte	1
 867 000b 2B        		.byte	43
 868 000c 02        		.byte	2
 869 000d 2B        		.byte	43
 870 000e 01        		.byte	1
 871 000f 28        		.byte	40
 872 0010 02        		.byte	2
 873 0011 28        		.byte	40
 874 0012 01        		.byte	1
 875 0013 2B        		.byte	43
 876 0014 02        		.byte	2
 877 0015 2B        		.byte	43
 878 0016 01        		.byte	1
 879 0017 2B        		.byte	43
 880 0018 02        		.byte	2
 881 0019 2B        		.byte	43
 882 001a 01        		.byte	1
 883 001b 2B        		.byte	43
 884 001c 02        		.byte	2
 885 001d 2B        		.byte	43
 886 001e 01        		.byte	1
 887 001f 2C        		.byte	44
 888 0020 02        		.byte	2
 889 0021 2C        		.byte	44
 890 0022 01        		.byte	1
 891 0023 2B        		.byte	43
 892 0024 02        		.byte	2
 893 0025 2B        		.byte	43
 894 0026 01        		.byte	1
 895 0027 28        		.byte	40
 896 0028 02        		.byte	2
 897 0029 28        		.byte	40
 898 002a 00        		.byte	0
 899               		.section	.progmem.data.__m.2169,"a",@progbits
 902               	__m.2169:
 903 0000 75        		.byte	117
 904 0001 1E        		.byte	30
 905 0002 01        		.byte	1
 906 0003 E1        		.byte	-31
 907 0004 01        		.byte	1
 908 0005 25        		.byte	37
 909 0006 02        		.byte	2
 910 0007 25        		.byte	37
 911 0008 02        		.byte	2
 912 0009 E1        		.byte	-31
 913 000a 01        		.byte	1
 914 000b 2C        		.byte	44
 915 000c 02        		.byte	2
 916 000d 2C        		.byte	44
 917 000e 01        		.byte	1
 918 000f 28        		.byte	40
 919 0010 02        		.byte	2
 920 0011 28        		.byte	40
 921 0012 01        		.byte	1
 922 0013 2A        		.byte	42
 923 0014 02        		.byte	2
 924 0015 2A        		.byte	42
 925 0016 00        		.byte	0
 926               		.text
 927               	.Letext0:
 928               		.file 2 "/usr/lib64/gcc/avr/4.7.1/../../../../avr/include/stdint.h"
 929               		.file 3 "../../../../tmk_core/common/keycode.h"
 930               		.file 4 "../../../../tmk_core/common/keyboard.h"
 931               		.file 5 "../../../../tmk_core/common/action_code.h"
 932               		.file 6 "../../../../tmk_core/common/action_macro.h"
 933               		.file 7 "../../../../tmk_core/common/action.h"
 934               		.file 8 "../../../../tmk_core/common/bootloader.h"
DEFINED SYMBOLS
                            *ABS*:0000000000000000 keymap_pg3.c
     /tmp/cc8UvHVr.s:2      *ABS*:000000000000003e __SP_H__
     /tmp/cc8UvHVr.s:3      *ABS*:000000000000003d __SP_L__
     /tmp/cc8UvHVr.s:4      *ABS*:000000000000003f __SREG__
     /tmp/cc8UvHVr.s:5      *ABS*:000000000000003b __RAMPZ__
     /tmp/cc8UvHVr.s:6      *ABS*:0000000000000000 __tmp_reg__
     /tmp/cc8UvHVr.s:7      *ABS*:0000000000000001 __zero_reg__
     /tmp/cc8UvHVr.s:14     .text.action_function:0000000000000000 action_function
     /tmp/cc8UvHVr.s:697    .bss.lalt_ralt_mods.2110:0000000000000000 lalt_ralt_mods.2110
     /tmp/cc8UvHVr.s:169    .text.action_get_macro:0000000000000000 action_get_macro
     /tmp/cc8UvHVr.s:702    .progmem.data.__m.2143:0000000000000000 __m.2143
     /tmp/cc8UvHVr.s:722    .progmem.data.__m.2148:0000000000000000 __m.2148
     /tmp/cc8UvHVr.s:740    .progmem.data.__m.2153:0000000000000000 __m.2153
     /tmp/cc8UvHVr.s:758    .progmem.data.__m.2158:0000000000000000 __m.2158
     /tmp/cc8UvHVr.s:776    .progmem.data.__m.2163:0000000000000000 __m.2163
     /tmp/cc8UvHVr.s:855    .progmem.data.__m.2166:0000000000000000 __m.2166
     /tmp/cc8UvHVr.s:902    .progmem.data.__m.2169:0000000000000000 __m.2169
     /tmp/cc8UvHVr.s:713    .progmem.data.__m.2145:0000000000000000 __m.2145
     /tmp/cc8UvHVr.s:731    .progmem.data.__m.2150:0000000000000000 __m.2150
     /tmp/cc8UvHVr.s:749    .progmem.data.__m.2155:0000000000000000 __m.2155
     /tmp/cc8UvHVr.s:767    .progmem.data.__m.2160:0000000000000000 __m.2160
     /tmp/cc8UvHVr.s:294    .progmem.data.fn_actions:0000000000000000 fn_actions
     /tmp/cc8UvHVr.s:309    .progmem.data.keymaps:0000000000000000 keymaps

UNDEFINED SYMBOLS
get_mods
del_mods
send_keyboard_report
bootloader_jump
add_key
add_mods
del_key
__do_clear_bss
