   1               		.file	"led.c"
   2               	__SP_H__ = 0x3e
   3               	__SP_L__ = 0x3d
   4               	__SREG__ = 0x3f
   5               	__RAMPZ__ = 0x3b
   6               	__tmp_reg__ = 0
   7               	__zero_reg__ = 1
   8               		.text
   9               	.Ltext0:
  10               		.cfi_sections	.debug_frame
  11               		.section	.text.led_set,"ax",@progbits
  12               	.global	led_set
  14               	led_set:
  15               	.LFB0:
  16               		.file 1 "led.c"
   1:led.c         **** /*
   2:led.c         **** Copyright 2012 Jun Wako <wakojun@gmail.com>
   3:led.c         **** 
   4:led.c         **** This program is free software: you can redistribute it and/or modify
   5:led.c         **** it under the terms of the GNU General Public License as published by
   6:led.c         **** the Free Software Foundation, either version 2 of the License, or
   7:led.c         **** (at your option) any later version.
   8:led.c         **** 
   9:led.c         **** This program is distributed in the hope that it will be useful,
  10:led.c         **** but WITHOUT ANY WARRANTY; without even the implied warranty of
  11:led.c         **** MERCHANTABILITY or FITNESS FOR A PARTICULAR PURPOSE.  See the
  12:led.c         **** GNU General Public License for more details.
  13:led.c         **** 
  14:led.c         **** You should have received a copy of the GNU General Public License
  15:led.c         **** along with this program.  If not, see <http://www.gnu.org/licenses/>.
  16:led.c         **** */
  17:led.c         **** 
  18:led.c         **** #include <avr/io.h>
  19:led.c         **** #include "stdint.h"
  20:led.c         **** #include "led.h"
  21:led.c         ****     
  22:led.c         **** /* LED pin configuration defined in config.h
  23:led.c         ****  *
  24:led.c         ****  * Wiring: Port (Sinking GND) <-- Resistor & LED
  25:led.c         ****  * 
  26:led.c         ****  */
  27:led.c         **** 
  28:led.c         ****  void led_set(uint8_t usb_led)
  29:led.c         **** {
  17               		.loc 1 29 0
  18               		.cfi_startproc
  19               	.LVL0:
  20               	/* prologue: function */
  21               	/* frame size = 0 */
  22               	/* stack size = 0 */
  23               	.L__stack_usage = 0
  30:led.c         ****     DDR_CAPSLCK |= (1<<BIT_CAPSLCK);
  24               		.loc 1 30 0
  25 0000 3B9A      		sbi 0x7,3
  31:led.c         **** 
  32:led.c         ****     if (usb_led & (1<<USB_LED_CAPS_LOCK))
  26               		.loc 1 32 0
  27 0002 81FF      		sbrs r24,1
  28 0004 00C0      		rjmp .L2
  33:led.c         ****     {
  34:led.c         ****         
  35:led.c         ****         PORT_CAPSLCK &= ~(1<<BIT_CAPSLCK);
  29               		.loc 1 35 0
  30 0006 4398      		cbi 0x8,3
  31 0008 0895      		ret
  32               	.L2:
  36:led.c         ****     }
  37:led.c         ****     else
  38:led.c         ****     {
  39:led.c         ****         PORT_CAPSLCK |= (1<<BIT_CAPSLCK);
  33               		.loc 1 39 0
  34 000a 439A      		sbi 0x8,3
  35 000c 0895      		ret
  36               		.cfi_endproc
  37               	.LFE0:
  39               		.text
  40               	.Letext0:
  41               		.file 2 "/usr/lib64/gcc/avr/4.7.1/../../../../avr/include/stdint.h"
DEFINED SYMBOLS
                            *ABS*:0000000000000000 led.c
     /tmp/ccVSvX5e.s:2      *ABS*:000000000000003e __SP_H__
     /tmp/ccVSvX5e.s:3      *ABS*:000000000000003d __SP_L__
     /tmp/ccVSvX5e.s:4      *ABS*:000000000000003f __SREG__
     /tmp/ccVSvX5e.s:5      *ABS*:000000000000003b __RAMPZ__
     /tmp/ccVSvX5e.s:6      *ABS*:0000000000000000 __tmp_reg__
     /tmp/ccVSvX5e.s:7      *ABS*:0000000000000001 __zero_reg__
     /tmp/ccVSvX5e.s:14     .text.led_set:0000000000000000 led_set

NO UNDEFINED SYMBOLS
