   1               		.file	"util.c"
   2               	__SP_H__ = 0x3e
   3               	__SP_L__ = 0x3d
   4               	__SREG__ = 0x3f
   5               	__RAMPZ__ = 0x3b
   6               	__tmp_reg__ = 0
   7               	__zero_reg__ = 1
   8               		.text
   9               	.Ltext0:
  10               		.cfi_sections	.debug_frame
  11               		.section	.text.bitpop,"ax",@progbits
  12               	.global	bitpop
  14               	bitpop:
  15               	.LFB0:
  16               		.file 1 "../../../../tmk_core/common/util.c"
   1:../../../../tmk_core/common/util.c **** /*
   2:../../../../tmk_core/common/util.c **** Copyright 2011 Jun Wako <wakojun@gmail.com>
   3:../../../../tmk_core/common/util.c **** 
   4:../../../../tmk_core/common/util.c **** This program is free software: you can redistribute it and/or modify
   5:../../../../tmk_core/common/util.c **** it under the terms of the GNU General Public License as published by
   6:../../../../tmk_core/common/util.c **** the Free Software Foundation, either version 2 of the License, or
   7:../../../../tmk_core/common/util.c **** (at your option) any later version.
   8:../../../../tmk_core/common/util.c **** 
   9:../../../../tmk_core/common/util.c **** This program is distributed in the hope that it will be useful,
  10:../../../../tmk_core/common/util.c **** but WITHOUT ANY WARRANTY; without even the implied warranty of
  11:../../../../tmk_core/common/util.c **** MERCHANTABILITY or FITNESS FOR A PARTICULAR PURPOSE.  See the
  12:../../../../tmk_core/common/util.c **** GNU General Public License for more details.
  13:../../../../tmk_core/common/util.c **** 
  14:../../../../tmk_core/common/util.c **** You should have received a copy of the GNU General Public License
  15:../../../../tmk_core/common/util.c **** along with this program.  If not, see <http://www.gnu.org/licenses/>.
  16:../../../../tmk_core/common/util.c **** */
  17:../../../../tmk_core/common/util.c **** 
  18:../../../../tmk_core/common/util.c **** #include "util.h"
  19:../../../../tmk_core/common/util.c **** 
  20:../../../../tmk_core/common/util.c **** // bit population - return number of on-bit
  21:../../../../tmk_core/common/util.c **** uint8_t bitpop(uint8_t bits)
  22:../../../../tmk_core/common/util.c **** {
  17               		.loc 1 22 0
  18               		.cfi_startproc
  19               	.LVL0:
  20               	/* prologue: function */
  21               	/* frame size = 0 */
  22               	/* stack size = 0 */
  23               	.L__stack_usage = 0
  23:../../../../tmk_core/common/util.c ****     uint8_t c;
  24:../../../../tmk_core/common/util.c ****     for (c = 0; bits; c++)
  24               		.loc 1 24 0
  25 0000 90E0      		ldi r25,0
  26 0002 00C0      		rjmp .L2
  27               	.LVL1:
  28               	.L3:
  25:../../../../tmk_core/common/util.c ****         bits &= bits - 1;
  29               		.loc 1 25 0 discriminator 2
  30 0004 282F      		mov r18,r24
  31 0006 2150      		subi r18,lo8(-(-1))
  32 0008 8223      		and r24,r18
  33               	.LVL2:
  24:../../../../tmk_core/common/util.c ****     for (c = 0; bits; c++)
  34               		.loc 1 24 0 discriminator 2
  35 000a 9F5F      		subi r25,lo8(-(1))
  36               	.LVL3:
  37               	.L2:
  24:../../../../tmk_core/common/util.c ****     for (c = 0; bits; c++)
  38               		.loc 1 24 0 is_stmt 0 discriminator 1
  39 000c 8111      		cpse r24,__zero_reg__
  40 000e 00C0      		rjmp .L3
  26:../../../../tmk_core/common/util.c ****     return c;
  27:../../../../tmk_core/common/util.c **** /*
  28:../../../../tmk_core/common/util.c ****     const uint8_t bit_count[] = { 0, 1, 1, 2, 1, 2, 2, 3, 1, 2, 2, 3, 2, 3, 3, 4 };
  29:../../../../tmk_core/common/util.c ****     return bit_count[bits>>4] + bit_count[bits&0x0F]
  30:../../../../tmk_core/common/util.c **** */
  31:../../../../tmk_core/common/util.c **** }
  41               		.loc 1 31 0 is_stmt 1
  42 0010 892F      		mov r24,r25
  43               	.LVL4:
  44 0012 0895      		ret
  45               		.cfi_endproc
  46               	.LFE0:
  48               		.section	.text.bitpop16,"ax",@progbits
  49               	.global	bitpop16
  51               	bitpop16:
  52               	.LFB1:
  32:../../../../tmk_core/common/util.c **** 
  33:../../../../tmk_core/common/util.c **** uint8_t bitpop16(uint16_t bits)
  34:../../../../tmk_core/common/util.c **** {
  53               		.loc 1 34 0
  54               		.cfi_startproc
  55               	.LVL5:
  56               	/* prologue: function */
  57               	/* frame size = 0 */
  58               	/* stack size = 0 */
  59               	.L__stack_usage = 0
  35:../../../../tmk_core/common/util.c ****     uint8_t c;
  36:../../../../tmk_core/common/util.c ****     for (c = 0; bits; c++)
  60               		.loc 1 36 0
  61 0000 40E0      		ldi r20,0
  62 0002 00C0      		rjmp .L5
  63               	.LVL6:
  64               	.L6:
  37:../../../../tmk_core/common/util.c ****         bits &= bits - 1;
  65               		.loc 1 37 0 discriminator 2
  66 0004 9C01      		movw r18,r24
  67 0006 2150      		subi r18,1
  68 0008 3109      		sbc r19,__zero_reg__
  69 000a 8223      		and r24,r18
  70 000c 9323      		and r25,r19
  71               	.LVL7:
  36:../../../../tmk_core/common/util.c ****     for (c = 0; bits; c++)
  72               		.loc 1 36 0 discriminator 2
  73 000e 4F5F      		subi r20,lo8(-(1))
  74               	.LVL8:
  75               	.L5:
  36:../../../../tmk_core/common/util.c ****     for (c = 0; bits; c++)
  76               		.loc 1 36 0 is_stmt 0 discriminator 1
  77 0010 0097      		sbiw r24,0
  78 0012 01F4      		brne .L6
  38:../../../../tmk_core/common/util.c ****     return c;
  39:../../../../tmk_core/common/util.c **** }
  79               		.loc 1 39 0 is_stmt 1
  80 0014 842F      		mov r24,r20
  81               	.LVL9:
  82 0016 0895      		ret
  83               		.cfi_endproc
  84               	.LFE1:
  86               		.section	.text.bitpop32,"ax",@progbits
  87               	.global	bitpop32
  89               	bitpop32:
  90               	.LFB2:
  40:../../../../tmk_core/common/util.c **** 
  41:../../../../tmk_core/common/util.c **** uint8_t bitpop32(uint32_t bits)
  42:../../../../tmk_core/common/util.c **** {
  91               		.loc 1 42 0
  92               		.cfi_startproc
  93               	.LVL10:
  94 0000 0F93      		push r16
  95               	.LCFI0:
  96               		.cfi_def_cfa_offset 3
  97               		.cfi_offset 16, -2
  98 0002 1F93      		push r17
  99               	.LCFI1:
 100               		.cfi_def_cfa_offset 4
 101               		.cfi_offset 17, -3
 102               	/* prologue: function */
 103               	/* frame size = 0 */
 104               	/* stack size = 2 */
 105               	.L__stack_usage = 2
 106               	.LVL11:
  43:../../../../tmk_core/common/util.c ****     uint8_t c;
  44:../../../../tmk_core/common/util.c ****     for (c = 0; bits; c++)
 107               		.loc 1 44 0
 108 0004 40E0      		ldi r20,0
 109 0006 00C0      		rjmp .L8
 110               	.LVL12:
 111               	.L9:
  45:../../../../tmk_core/common/util.c ****         bits &= bits - 1;
 112               		.loc 1 45 0 discriminator 2
 113 0008 8B01      		movw r16,r22
 114 000a 9C01      		movw r18,r24
 115 000c 0150      		subi r16,1
 116 000e 1109      		sbc r17,__zero_reg__
 117 0010 2109      		sbc r18,__zero_reg__
 118 0012 3109      		sbc r19,__zero_reg__
 119 0014 6023      		and r22,r16
 120 0016 7123      		and r23,r17
 121 0018 8223      		and r24,r18
 122 001a 9323      		and r25,r19
 123               	.LVL13:
  44:../../../../tmk_core/common/util.c ****     for (c = 0; bits; c++)
 124               		.loc 1 44 0 discriminator 2
 125 001c 4F5F      		subi r20,lo8(-(1))
 126               	.LVL14:
 127               	.L8:
  44:../../../../tmk_core/common/util.c ****     for (c = 0; bits; c++)
 128               		.loc 1 44 0 is_stmt 0 discriminator 1
 129 001e 6115      		cp r22,__zero_reg__
 130 0020 7105      		cpc r23,__zero_reg__
 131 0022 8105      		cpc r24,__zero_reg__
 132 0024 9105      		cpc r25,__zero_reg__
 133 0026 01F4      		brne .L9
  46:../../../../tmk_core/common/util.c ****     return c;
  47:../../../../tmk_core/common/util.c **** }
 134               		.loc 1 47 0 is_stmt 1
 135 0028 842F      		mov r24,r20
 136               	/* epilogue start */
 137 002a 1F91      		pop r17
 138 002c 0F91      		pop r16
 139 002e 0895      		ret
 140               		.cfi_endproc
 141               	.LFE2:
 143               		.section	.text.biton,"ax",@progbits
 144               	.global	biton
 146               	biton:
 147               	.LFB3:
  48:../../../../tmk_core/common/util.c **** 
  49:../../../../tmk_core/common/util.c **** // most significant on-bit - return highest location of on-bit
  50:../../../../tmk_core/common/util.c **** // NOTE: return 0 when bit0 is on or all bits are off
  51:../../../../tmk_core/common/util.c **** uint8_t biton(uint8_t bits)
  52:../../../../tmk_core/common/util.c **** {
 148               		.loc 1 52 0
 149               		.cfi_startproc
 150               	.LVL15:
 151               	/* prologue: function */
 152               	/* frame size = 0 */
 153               	/* stack size = 0 */
 154               	.L__stack_usage = 0
  53:../../../../tmk_core/common/util.c ****     uint8_t n = 0;
  54:../../../../tmk_core/common/util.c ****     if (bits >> 4) { bits >>= 4; n += 4;}
 155               		.loc 1 54 0
 156 0000 982F      		mov r25,r24
 157 0002 9295      		swap r25
 158 0004 9F70      		andi r25,lo8(15)
 159 0006 01F4      		brne .L14
 160 0008 982F      		mov r25,r24
  53:../../../../tmk_core/common/util.c ****     uint8_t n = 0;
 161               		.loc 1 53 0
 162 000a 80E0      		ldi r24,0
 163               	.LVL16:
 164 000c 00C0      		rjmp .L11
 165               	.LVL17:
 166               	.L14:
 167               		.loc 1 54 0
 168 000e 84E0      		ldi r24,lo8(4)
 169               	.LVL18:
 170               	.L11:
  55:../../../../tmk_core/common/util.c ****     if (bits >> 2) { bits >>= 2; n += 2;}
 171               		.loc 1 55 0
 172 0010 292F      		mov r18,r25
 173 0012 2695      		lsr r18
 174 0014 2695      		lsr r18
 175 0016 01F0      		breq .L12
 176               	.LVL19:
 177               		.loc 1 55 0 is_stmt 0 discriminator 1
 178 0018 8E5F      		subi r24,lo8(-(2))
 179               	.LVL20:
 180 001a 922F      		mov r25,r18
 181               	.LVL21:
 182               	.L12:
  56:../../../../tmk_core/common/util.c ****     if (bits >> 1) { bits >>= 1; n += 1;}
 183               		.loc 1 56 0 is_stmt 1
 184 001c 9695      		lsr r25
 185               	.LVL22:
 186 001e 01F0      		breq .L13
 187               		.loc 1 56 0 is_stmt 0 discriminator 1
 188 0020 8F5F      		subi r24,lo8(-(1))
 189               	.LVL23:
 190               	.L13:
  57:../../../../tmk_core/common/util.c ****     return n;
  58:../../../../tmk_core/common/util.c **** }
 191               		.loc 1 58 0 is_stmt 1
 192 0022 0895      		ret
 193               		.cfi_endproc
 194               	.LFE3:
 196               		.section	.text.biton16,"ax",@progbits
 197               	.global	biton16
 199               	biton16:
 200               	.LFB4:
  59:../../../../tmk_core/common/util.c **** 
  60:../../../../tmk_core/common/util.c **** uint8_t biton16(uint16_t bits)
  61:../../../../tmk_core/common/util.c **** {
 201               		.loc 1 61 0
 202               		.cfi_startproc
 203               	.LVL24:
 204               	/* prologue: function */
 205               	/* frame size = 0 */
 206               	/* stack size = 0 */
 207               	.L__stack_usage = 0
  62:../../../../tmk_core/common/util.c ****     uint8_t n = 0;
  63:../../../../tmk_core/common/util.c ****     if (bits >> 8) { bits >>= 8; n += 8;}
 208               		.loc 1 63 0
 209 0000 292F      		mov r18,r25
 210 0002 30E0      		ldi r19,0
 211 0004 2115      		cp r18,__zero_reg__
 212 0006 3105      		cpc r19,__zero_reg__
 213 0008 01F4      		brne .L26
 214 000a 9C01      		movw r18,r24
  62:../../../../tmk_core/common/util.c ****     uint8_t n = 0;
 215               		.loc 1 62 0
 216 000c 80E0      		ldi r24,0
 217               	.LVL25:
 218 000e 00C0      		rjmp .L22
 219               	.LVL26:
 220               	.L26:
 221               		.loc 1 63 0
 222 0010 88E0      		ldi r24,lo8(8)
 223               	.LVL27:
 224               	.L22:
  64:../../../../tmk_core/common/util.c ****     if (bits >> 4) { bits >>= 4; n += 4;}
 225               		.loc 1 64 0
 226 0012 A901      		movw r20,r18
 227 0014 74E0      		ldi r23,4
 228               		1:
 229 0016 5695      		lsr r21
 230 0018 4795      		ror r20
 231 001a 7A95      		dec r23
 232 001c 01F4      		brne 1b
 233 001e 4115      		cp r20,__zero_reg__
 234 0020 5105      		cpc r21,__zero_reg__
 235 0022 01F0      		breq .L23
 236               	.LVL28:
 237               		.loc 1 64 0 is_stmt 0 discriminator 1
 238 0024 8C5F      		subi r24,lo8(-(4))
 239               	.LVL29:
 240 0026 9A01      		movw r18,r20
 241               	.LVL30:
 242               	.L23:
  65:../../../../tmk_core/common/util.c ****     if (bits >> 2) { bits >>= 2; n += 2;}
 243               		.loc 1 65 0 is_stmt 1
 244 0028 A901      		movw r20,r18
 245 002a 5695      		lsr r21
 246 002c 4795      		ror r20
 247 002e 5695      		lsr r21
 248 0030 4795      		ror r20
 249 0032 4115      		cp r20,__zero_reg__
 250 0034 5105      		cpc r21,__zero_reg__
 251 0036 01F0      		breq .L24
 252               	.LVL31:
 253               		.loc 1 65 0 is_stmt 0 discriminator 1
 254 0038 8E5F      		subi r24,lo8(-(2))
 255               	.LVL32:
 256 003a 9A01      		movw r18,r20
 257               	.LVL33:
 258               	.L24:
  66:../../../../tmk_core/common/util.c ****     if (bits >> 1) { bits >>= 1; n += 1;}
 259               		.loc 1 66 0 is_stmt 1
 260 003c 3695      		lsr r19
 261 003e 2795      		ror r18
 262               	.LVL34:
 263 0040 232B      		or r18,r19
 264 0042 01F0      		breq .L25
 265               		.loc 1 66 0 is_stmt 0 discriminator 1
 266 0044 8F5F      		subi r24,lo8(-(1))
 267               	.LVL35:
 268               	.L25:
  67:../../../../tmk_core/common/util.c ****     return n;
  68:../../../../tmk_core/common/util.c **** }
 269               		.loc 1 68 0 is_stmt 1
 270 0046 0895      		ret
 271               		.cfi_endproc
 272               	.LFE4:
 274               		.section	.text.biton32,"ax",@progbits
 275               	.global	biton32
 277               	biton32:
 278               	.LFB5:
  69:../../../../tmk_core/common/util.c **** 
  70:../../../../tmk_core/common/util.c **** uint8_t biton32(uint32_t bits)
  71:../../../../tmk_core/common/util.c **** {
 279               		.loc 1 71 0
 280               		.cfi_startproc
 281               	.LVL36:
 282 0000 CF92      		push r12
 283               	.LCFI2:
 284               		.cfi_def_cfa_offset 3
 285               		.cfi_offset 12, -2
 286 0002 DF92      		push r13
 287               	.LCFI3:
 288               		.cfi_def_cfa_offset 4
 289               		.cfi_offset 13, -3
 290 0004 EF92      		push r14
 291               	.LCFI4:
 292               		.cfi_def_cfa_offset 5
 293               		.cfi_offset 14, -4
 294 0006 FF92      		push r15
 295               	.LCFI5:
 296               		.cfi_def_cfa_offset 6
 297               		.cfi_offset 15, -5
 298 0008 0F93      		push r16
 299               	.LCFI6:
 300               		.cfi_def_cfa_offset 7
 301               		.cfi_offset 16, -6
 302 000a 1F93      		push r17
 303               	.LCFI7:
 304               		.cfi_def_cfa_offset 8
 305               		.cfi_offset 17, -7
 306               	/* prologue: function */
 307               	/* frame size = 0 */
 308               	/* stack size = 6 */
 309               	.L__stack_usage = 6
 310               	.LVL37:
  72:../../../../tmk_core/common/util.c ****     uint8_t n = 0;
  73:../../../../tmk_core/common/util.c ****     if (bits >>16) { bits >>=16; n +=16;}
 311               		.loc 1 73 0
 312 000c 6C01      		movw r12,r24
 313 000e EE24      		clr r14
 314 0010 FF24      		clr r15
 315 0012 C114      		cp r12,__zero_reg__
 316 0014 D104      		cpc r13,__zero_reg__
 317 0016 E104      		cpc r14,__zero_reg__
 318 0018 F104      		cpc r15,__zero_reg__
 319 001a 01F4      		brne .L42
 320 001c 6B01      		movw r12,r22
 321 001e 7C01      		movw r14,r24
  72:../../../../tmk_core/common/util.c ****     uint8_t n = 0;
 322               		.loc 1 72 0
 323 0020 80E0      		ldi r24,0
 324 0022 00C0      		rjmp .L37
 325               	.L42:
 326               		.loc 1 73 0
 327 0024 80E1      		ldi r24,lo8(16)
 328               	.L37:
 329               	.LVL38:
  74:../../../../tmk_core/common/util.c ****     if (bits >> 8) { bits >>= 8; n += 8;}
 330               		.loc 1 74 0
 331 0026 3327      		clr r19
 332 0028 2F2D      		mov r18,r15
 333 002a 1E2D      		mov r17,r14
 334 002c 0D2D      		mov r16,r13
 335 002e 0115      		cp r16,__zero_reg__
 336 0030 1105      		cpc r17,__zero_reg__
 337 0032 2105      		cpc r18,__zero_reg__
 338 0034 3105      		cpc r19,__zero_reg__
 339 0036 01F0      		breq .L38
 340               	.LVL39:
 341               		.loc 1 74 0 is_stmt 0 discriminator 1
 342 0038 885F      		subi r24,lo8(-(8))
 343               	.LVL40:
 344 003a 6801      		movw r12,r16
 345 003c 7901      		movw r14,r18
 346               	.LVL41:
 347               	.L38:
  75:../../../../tmk_core/common/util.c ****     if (bits >> 4) { bits >>= 4; n += 4;}
 348               		.loc 1 75 0 is_stmt 1
 349 003e 9701      		movw r18,r14
 350 0040 8601      		movw r16,r12
 351 0042 A4E0      		ldi r26,4
 352               		1:
 353 0044 3695      		lsr r19
 354 0046 2795      		ror r18
 355 0048 1795      		ror r17
 356 004a 0795      		ror r16
 357 004c AA95      		dec r26
 358 004e 01F4      		brne 1b
 359 0050 0115      		cp r16,__zero_reg__
 360 0052 1105      		cpc r17,__zero_reg__
 361 0054 2105      		cpc r18,__zero_reg__
 362 0056 3105      		cpc r19,__zero_reg__
 363 0058 01F0      		breq .L39
 364               	.LVL42:
 365               		.loc 1 75 0 is_stmt 0 discriminator 1
 366 005a 8C5F      		subi r24,lo8(-(4))
 367               	.LVL43:
 368 005c 6801      		movw r12,r16
 369 005e 7901      		movw r14,r18
 370               	.LVL44:
 371               	.L39:
  76:../../../../tmk_core/common/util.c ****     if (bits >> 2) { bits >>= 2; n += 2;}
 372               		.loc 1 76 0 is_stmt 1
 373 0060 9701      		movw r18,r14
 374 0062 8601      		movw r16,r12
 375 0064 F2E0      		ldi r31,2
 376               		1:
 377 0066 3695      		lsr r19
 378 0068 2795      		ror r18
 379 006a 1795      		ror r17
 380 006c 0795      		ror r16
 381 006e FA95      		dec r31
 382 0070 01F4      		brne 1b
 383 0072 0115      		cp r16,__zero_reg__
 384 0074 1105      		cpc r17,__zero_reg__
 385 0076 2105      		cpc r18,__zero_reg__
 386 0078 3105      		cpc r19,__zero_reg__
 387 007a 01F0      		breq .L40
 388               	.LVL45:
 389               		.loc 1 76 0 is_stmt 0 discriminator 1
 390 007c 8E5F      		subi r24,lo8(-(2))
 391               	.LVL46:
 392 007e 6801      		movw r12,r16
 393 0080 7901      		movw r14,r18
 394               	.LVL47:
 395               	.L40:
  77:../../../../tmk_core/common/util.c ****     if (bits >> 1) { bits >>= 1; n += 1;}
 396               		.loc 1 77 0 is_stmt 1
 397 0082 B701      		movw r22,r14
 398 0084 A601      		movw r20,r12
 399 0086 7695      		lsr r23
 400 0088 6795      		ror r22
 401 008a 5795      		ror r21
 402 008c 4795      		ror r20
 403 008e 452B      		or r20,r21
 404 0090 462B      		or r20,r22
 405 0092 472B      		or r20,r23
 406 0094 01F0      		breq .L41
 407               	.LVL48:
 408               		.loc 1 77 0 is_stmt 0 discriminator 1
 409 0096 8F5F      		subi r24,lo8(-(1))
 410               	.LVL49:
 411               	.L41:
 412               	/* epilogue start */
  78:../../../../tmk_core/common/util.c ****     return n;
  79:../../../../tmk_core/common/util.c **** }
 413               		.loc 1 79 0 is_stmt 1
 414 0098 1F91      		pop r17
 415 009a 0F91      		pop r16
 416 009c FF90      		pop r15
 417 009e EF90      		pop r14
 418 00a0 DF90      		pop r13
 419 00a2 CF90      		pop r12
 420 00a4 0895      		ret
 421               		.cfi_endproc
 422               	.LFE5:
 424               		.section	.text.bitrev,"ax",@progbits
 425               	.global	bitrev
 427               	bitrev:
 428               	.LFB6:
  80:../../../../tmk_core/common/util.c **** 
  81:../../../../tmk_core/common/util.c **** 
  82:../../../../tmk_core/common/util.c **** 
  83:../../../../tmk_core/common/util.c **** uint8_t bitrev(uint8_t bits)
  84:../../../../tmk_core/common/util.c **** {
 429               		.loc 1 84 0
 430               		.cfi_startproc
 431               	.LVL50:
 432               	/* prologue: function */
 433               	/* frame size = 0 */
 434               	/* stack size = 0 */
 435               	.L__stack_usage = 0
  85:../../../../tmk_core/common/util.c ****     bits = (bits & 0x0f)<<4 | (bits & 0xf0)>>4;
 436               		.loc 1 85 0
 437 0000 8295      		swap r24
 438               	.LVL51:
  86:../../../../tmk_core/common/util.c ****     bits = (bits & 0b00110011)<<2 | (bits & 0b11001100)>>2;
 439               		.loc 1 86 0
 440 0002 982F      		mov r25,r24
 441 0004 9C7C      		andi r25,lo8(-52)
 442 0006 9695      		lsr r25
 443 0008 9695      		lsr r25
 444 000a 8373      		andi r24,lo8(51)
 445               	.LVL52:
 446 000c 44E0      		ldi r20,lo8(4)
 447 000e 849F      		mul r24,r20
 448 0010 9001      		movw r18,r0
 449 0012 1124      		clr __zero_reg__
 450 0014 922B      		or r25,r18
 451               	.LVL53:
  87:../../../../tmk_core/common/util.c ****     bits = (bits & 0b01010101)<<1 | (bits & 0b10101010)>>1;
 452               		.loc 1 87 0
 453 0016 892F      		mov r24,r25
 454 0018 8A7A      		andi r24,lo8(-86)
 455 001a 8695      		lsr r24
 456 001c 9575      		andi r25,lo8(85)
 457               	.LVL54:
 458 001e 990F      		lsl r25
 459               	.LVL55:
  88:../../../../tmk_core/common/util.c ****     return bits;
  89:../../../../tmk_core/common/util.c **** }
 460               		.loc 1 89 0
 461 0020 892B      		or r24,r25
 462               	.LVL56:
 463 0022 0895      		ret
 464               		.cfi_endproc
 465               	.LFE6:
 467               		.section	.text.bitrev16,"ax",@progbits
 468               	.global	bitrev16
 470               	bitrev16:
 471               	.LFB7:
  90:../../../../tmk_core/common/util.c **** 
  91:../../../../tmk_core/common/util.c **** uint16_t bitrev16(uint16_t bits)
  92:../../../../tmk_core/common/util.c **** {
 472               		.loc 1 92 0
 473               		.cfi_startproc
 474               	.LVL57:
 475 0000 1F93      		push r17
 476               	.LCFI8:
 477               		.cfi_def_cfa_offset 3
 478               		.cfi_offset 17, -2
 479 0002 CF93      		push r28
 480               	.LCFI9:
 481               		.cfi_def_cfa_offset 4
 482               		.cfi_offset 28, -3
 483 0004 DF93      		push r29
 484               	.LCFI10:
 485               		.cfi_def_cfa_offset 5
 486               		.cfi_offset 29, -4
 487 0006 1F92      		push __zero_reg__
 488               	.LCFI11:
 489               		.cfi_def_cfa_offset 6
 490 0008 CDB7      		in r28,__SP_L__
 491 000a DEB7      		in r29,__SP_H__
 492               	.LCFI12:
 493               		.cfi_def_cfa_register 28
 494               	/* prologue: function */
 495               	/* frame size = 1 */
 496               	/* stack size = 4 */
 497               	.L__stack_usage = 4
  93:../../../../tmk_core/common/util.c ****     bits = bitrev(bits & 0x00ff)<<8 | bitrev((bits & 0xff00)>>8);
 498               		.loc 1 93 0
 499 000c 9983      		std Y+1,r25
 500 000e 0E94 0000 		call bitrev
 501               	.LVL58:
 502 0012 182F      		mov r17,r24
 503 0014 9981      		ldd r25,Y+1
 504 0016 892F      		mov r24,r25
 505 0018 0E94 0000 		call bitrev
 506               	.LVL59:
 507 001c 312F      		mov r19,r17
 508 001e 20E0      		ldi r18,0
 509 0020 282B      		or r18,r24
  94:../../../../tmk_core/common/util.c ****     return bits;
  95:../../../../tmk_core/common/util.c **** }
 510               		.loc 1 95 0
 511 0022 C901      		movw r24,r18
 512               	.LVL60:
 513               	/* epilogue start */
 514 0024 0F90      		pop __tmp_reg__
 515 0026 DF91      		pop r29
 516 0028 CF91      		pop r28
 517 002a 1F91      		pop r17
 518 002c 0895      		ret
 519               		.cfi_endproc
 520               	.LFE7:
 522               		.section	.text.bitrev32,"ax",@progbits
 523               	.global	bitrev32
 525               	bitrev32:
 526               	.LFB8:
  96:../../../../tmk_core/common/util.c **** 
  97:../../../../tmk_core/common/util.c **** uint32_t bitrev32(uint32_t bits)
  98:../../../../tmk_core/common/util.c **** {
 527               		.loc 1 98 0
 528               		.cfi_startproc
 529               	.LVL61:
 530 0000 8F92      		push r8
 531               	.LCFI13:
 532               		.cfi_def_cfa_offset 3
 533               		.cfi_offset 8, -2
 534 0002 9F92      		push r9
 535               	.LCFI14:
 536               		.cfi_def_cfa_offset 4
 537               		.cfi_offset 9, -3
 538 0004 AF92      		push r10
 539               	.LCFI15:
 540               		.cfi_def_cfa_offset 5
 541               		.cfi_offset 10, -4
 542 0006 BF92      		push r11
 543               	.LCFI16:
 544               		.cfi_def_cfa_offset 6
 545               		.cfi_offset 11, -5
 546 0008 EF92      		push r14
 547               	.LCFI17:
 548               		.cfi_def_cfa_offset 7
 549               		.cfi_offset 14, -6
 550 000a FF92      		push r15
 551               	.LCFI18:
 552               		.cfi_def_cfa_offset 8
 553               		.cfi_offset 15, -7
 554 000c 0F93      		push r16
 555               	.LCFI19:
 556               		.cfi_def_cfa_offset 9
 557               		.cfi_offset 16, -8
 558 000e 1F93      		push r17
 559               	.LCFI20:
 560               		.cfi_def_cfa_offset 10
 561               		.cfi_offset 17, -9
 562               	/* prologue: function */
 563               	/* frame size = 0 */
 564               	/* stack size = 8 */
 565               	.L__stack_usage = 8
 566 0010 4B01      		movw r8,r22
 567 0012 5C01      		movw r10,r24
  99:../../../../tmk_core/common/util.c ****     bits = (uint32_t)bitrev16(bits & 0x0000ffff)<<16 | bitrev16((bits & 0xffff0000)>>16);
 568               		.loc 1 99 0
 569 0014 CB01      		movw r24,r22
 570 0016 0E94 0000 		call bitrev16
 571               	.LVL62:
 572 001a 7C01      		movw r14,r24
 573 001c C501      		movw r24,r10
 574 001e 0E94 0000 		call bitrev16
 575               	.LVL63:
 576 0022 8701      		movw r16,r14
 577 0024 20E0      		ldi r18,0
 578 0026 30E0      		ldi r19,0
 579 0028 9801      		movw r18,r16
 580 002a 1127      		clr r17
 581 002c 0027      		clr r16
 582 002e A0E0      		ldi r26,0
 583 0030 B0E0      		ldi r27,0
 584 0032 082B      		or r16,r24
 585 0034 192B      		or r17,r25
 586 0036 2A2B      		or r18,r26
 587 0038 3B2B      		or r19,r27
 100:../../../../tmk_core/common/util.c ****     return bits;
 101:../../../../tmk_core/common/util.c **** }
 588               		.loc 1 101 0
 589 003a B801      		movw r22,r16
 590 003c C901      		movw r24,r18
 591               	.LVL64:
 592               	/* epilogue start */
 593 003e 1F91      		pop r17
 594 0040 0F91      		pop r16
 595 0042 FF90      		pop r15
 596 0044 EF90      		pop r14
 597 0046 BF90      		pop r11
 598 0048 AF90      		pop r10
 599 004a 9F90      		pop r9
 600 004c 8F90      		pop r8
 601 004e 0895      		ret
 602               		.cfi_endproc
 603               	.LFE8:
 605               		.text
 606               	.Letext0:
 607               		.file 2 "/usr/lib64/gcc/avr/4.7.1/../../../../avr/include/stdint.h"
DEFINED SYMBOLS
                            *ABS*:0000000000000000 util.c
     /tmp/cc4337XT.s:2      *ABS*:000000000000003e __SP_H__
     /tmp/cc4337XT.s:3      *ABS*:000000000000003d __SP_L__
     /tmp/cc4337XT.s:4      *ABS*:000000000000003f __SREG__
     /tmp/cc4337XT.s:5      *ABS*:000000000000003b __RAMPZ__
     /tmp/cc4337XT.s:6      *ABS*:0000000000000000 __tmp_reg__
     /tmp/cc4337XT.s:7      *ABS*:0000000000000001 __zero_reg__
     /tmp/cc4337XT.s:14     .text.bitpop:0000000000000000 bitpop
     /tmp/cc4337XT.s:51     .text.bitpop16:0000000000000000 bitpop16
     /tmp/cc4337XT.s:89     .text.bitpop32:0000000000000000 bitpop32
     /tmp/cc4337XT.s:146    .text.biton:0000000000000000 biton
     /tmp/cc4337XT.s:199    .text.biton16:0000000000000000 biton16
     /tmp/cc4337XT.s:277    .text.biton32:0000000000000000 biton32
     /tmp/cc4337XT.s:427    .text.bitrev:0000000000000000 bitrev
     /tmp/cc4337XT.s:470    .text.bitrev16:0000000000000000 bitrev16
     /tmp/cc4337XT.s:525    .text.bitrev32:0000000000000000 bitrev32

NO UNDEFINED SYMBOLS
